#
# There is insufficient memory for the Java Runtime Environment to continue.
# Native memory allocation (malloc) failed to allocate 32744 bytes for ChunkPool::allocate
# Possible reasons:
#   The system is out of physical RAM or swap space
#   In 32 bit mode, the process size limit was hit
# Possible solutions:
#   Reduce memory load on the system
#   Increase physical memory or swap space
#   Check if swap backing store is full
#   Use 64 bit Java on a 64 bit OS
#   Decrease Java heap size (-Xmx/-Xms)
#   Decrease number of Java threads
#   Decrease Java thread stack sizes (-Xss)
#   Set larger code cache with -XX:ReservedCodeCacheSize=
# This output file may be truncated or incomplete.
#
#  Out of Memory Error (allocation.cpp:273), pid=8232, tid=9484
#
# JRE version: Java(TM) SE Runtime Environment (8.0_45-b15) (build 1.8.0_45-b15)
# Java VM: Java HotSpot(TM) 64-Bit Server VM (25.45-b02 mixed mode windows-amd64 compressed oops)
# Failed to write core dump. Minidumps are not enabled by default on client versions of Windows
#

---------------  T H R E A D  ---------------

Current thread (0x0000000014b43800):  JavaThread "C2 CompilerThread1" daemon [_thread_in_native, id=9484, stack(0x00000000162a0000,0x00000000163a0000)]

Stack: [0x00000000162a0000,0x00000000163a0000]
Native frames: (J=compiled Java code, j=interpreted, Vv=VM code, C=native code)
V  [jvm.dll+0x32b57a]


Current CompileTask:
C2:   1161  398       4       java.lang.AbstractStringBuilder::append (50 bytes)


---------------  P R O C E S S  ---------------

Java Threads: ( => current thread )
  0x00000000164cc800 JavaThread "Service Thread" daemon [_thread_blocked, id=8132, stack(0x00000000168a0000,0x00000000169a0000)]
  0x0000000014b8c800 JavaThread "C1 CompilerThread2" daemon [_thread_in_native, id=4748, stack(0x00000000163a0000,0x00000000164a0000)]
=>0x0000000014b43800 JavaThread "C2 CompilerThread1" daemon [_thread_in_native, id=9484, stack(0x00000000162a0000,0x00000000163a0000)]
  0x0000000014b41800 JavaThread "C2 CompilerThread0" daemon [_thread_blocked, id=14636, stack(0x00000000161a0000,0x00000000162a0000)]
  0x0000000014b3f800 JavaThread "Attach Listener" daemon [_thread_blocked, id=5224, stack(0x00000000160a0000,0x00000000161a0000)]
  0x00000000047d6800 JavaThread "Signal Dispatcher" daemon [_thread_blocked, id=15164, stack(0x0000000015fa0000,0x00000000160a0000)]
  0x00000000047d3800 JavaThread "Finalizer" daemon [_thread_blocked, id=9984, stack(0x0000000015da0000,0x0000000015ea0000)]
  0x00000000047d0000 JavaThread "Reference Handler" daemon [_thread_blocked, id=12008, stack(0x0000000015ca0000,0x0000000015da0000)]
  0x00000000046e3800 JavaThread "main" [_thread_in_Java, id=15752, stack(0x00000000045e0000,0x00000000046e0000)]

Other Threads:
  0x0000000014b08000 VMThread [stack: 0x0000000015ba0000,0x0000000015ca0000] [id=15840]
  0x00000000164d7000 WatcherThread [stack: 0x00000000169a0000,0x0000000016aa0000] [id=10676]

VM state:not at safepoint (normal execution)

VM Mutex/Monitor currently owned by a thread: None

Heap:
 PSYoungGen      total 18944K, used 8099K [0x00000000feb00000, 0x0000000100000000, 0x0000000100000000)
  eden space 16384K, 49% used [0x00000000feb00000,0x00000000ff2e8df8,0x00000000ffb00000)
  from space 2560K, 0% used [0x00000000ffd80000,0x00000000ffd80000,0x0000000100000000)
  to   space 2560K, 0% used [0x00000000ffb00000,0x00000000ffb00000,0x00000000ffd80000)
 ParOldGen       total 44032K, used 0K [0x00000000fc000000, 0x00000000feb00000, 0x00000000feb00000)
  object space 44032K, 0% used [0x00000000fc000000,0x00000000fc000000,0x00000000feb00000)
 Metaspace       used 5911K, capacity 6018K, committed 6144K, reserved 1056768K
  class space    used 704K, capacity 767K, committed 768K, reserved 1048576K

Card table byte_map: [0x00000000044e0000,0x0000000004510000] byte_map_base: 0x0000000003d00000

Marking Bits: (ParMarkBitMap*) 0x0000000064d64040
 Begin Bits: [0x0000000013fa0000, 0x00000000140a0000)
 End Bits:   [0x00000000140a0000, 0x00000000141a0000)

Polling page: 0x0000000002cc0000

CodeCache: size=245760Kb used=1846Kb max_used=1853Kb free=243913Kb
 bounds [0x00000000047e0000, 0x0000000004a50000, 0x00000000137e0000]
 total_blobs=738 nmethods=427 adapters=224
 compilation: enabled

Compilation events (10 events):
Event: 1.153 Thread 0x0000000014b8c800 nmethod 401 0x00000000049a9c90 code [0x00000000049a9e40, 0x00000000049aa4e8]
Event: 1.153 Thread 0x0000000014b8c800  405       3       java.lang.invoke.LambdaForm$BasicType::basicType (19 bytes)
Event: 1.153 Thread 0x0000000014b8c800 nmethod 405 0x00000000049aa6d0 code [0x00000000049aa860, 0x00000000049aac08]
Event: 1.153 Thread 0x0000000014b8c800  404       3       java.lang.invoke.MethodType::equals (29 bytes)
Event: 1.153 Thread 0x0000000014b8c800 nmethod 404 0x00000000049aaed0 code [0x00000000049ab060, 0x00000000049ab588]
Event: 1.153 Thread 0x0000000014b8c800  406       1       java.lang.invoke.LambdaForm$Name::type (5 bytes)
Event: 1.153 Thread 0x0000000014b8c800 nmethod 406 0x00000000049ab690 code [0x00000000049ab7e0, 0x00000000049ab8f0]
Event: 1.153 Thread 0x0000000014b8c800  408       1       java.lang.invoke.LambdaForm$Name::access$000 (5 bytes)
Event: 1.154 Thread 0x0000000014b8c800 nmethod 408 0x00000000049ab950 code [0x00000000049abaa0, 0x00000000049abb90]
Event: 1.154 Thread 0x0000000014b8c800  410       3       jdk.internal.org.objectweb.asm.Frame::execute (2252 bytes)

GC Heap History (0 events):
No events

Deoptimization events (1 events):
Event: 0.903 Thread 0x00000000046e3800 Uncommon trap: reason=range_check action=make_not_entrant pc=0x0000000004977ca0 method=sun.reflect.generics.parser.SignatureParser.current()C @ 34

Internal exceptions (5 events):
Event: 0.138 Thread 0x00000000046e3800 Exception <a 'java/lang/NoSuchMethodError': Method sun.misc.Unsafe.defineClass(Ljava/lang/String;[BII)Ljava/lang/Class; name or signature does not match> (0x00000000feb10098) thrown at [C:\re\workspace\8-2-build-windows-amd64-cygwin\jdk8u45\3627\hotspot\sr‚œËÛ'°¡?
Event: 0.138 Thread 0x00000000046e3800 Exception <a 'java/lang/NoSuchMethodError': Method sun.misc.Unsafe.prefetchRead(Ljava/lang/Object;J)V name or signature does not match> (0x00000000feb10328) thrown at [C:\re\workspace\8-2-build-windows-amd64-cygwin\jdk8u45\3627\hotspot\src\share\vm\prims\jB≈ ›¡Â?
Event: 0.680 Thread 0x00000000046e3800 Exception <a 'sun/nio/fs/WindowsException'> (0x00000000fedde350) thrown at [C:\re\workspace\8-2-build-windows-amd64-cygwin\jdk8u45\3627\hotspot\src\share\vm\prims\jni.cpp, line 709]
Event: 0.903 Thread 0x00000000046e3800 Exception <a 'java/lang/ArrayIndexOutOfBoundsException': 18> (0x00000000ff037260) thrown at [C:\re\workspace\8-2-build-windows-amd64-cygwin\jdk8u45\3627\hotspot\src\share\vm\interpreter\interpreterRuntime.cpp, line 366]
Event: 0.903 Thread 0x00000000046e3800 Exception <a 'java/lang/ArrayIndexOutOfBoundsException': 67> (0x00000000ff038110) thrown at [C:\re\workspace\8-2-build-windows-amd64-cygwin\jdk8u45\3627\hotspot\src\share\vm\interpreter\interpreterRuntime.cpp, line 366]

Events (10 events):
Event: 1.144 loading class java/lang/invoke/MethodHandleImpl$AsVarargsCollector
Event: 1.144 loading class java/lang/invoke/DelegatingMethodHandle
Event: 1.144 loading class java/lang/invoke/DelegatingMethodHandle done
Event: 1.144 loading class java/lang/invoke/MethodHandleImpl$AsVarargsCollector done
Event: 1.145 loading class java/lang/invoke/WrongMethodTypeException
Event: 1.145 loading class java/lang/invoke/WrongMethodTypeException done
Event: 1.148 loading class java/lang/invoke/MethodHandleImpl$Lazy
Event: 1.148 loading class java/lang/invoke/MethodHandleImpl$Lazy done
Event: 1.149 loading class java/lang/invoke/MethodHandleImpl$IntrinsicMethodHandle
Event: 1.149 loading class java/lang/invoke/MethodHandleImpl$IntrinsicMethodHandle done


Dynamic libraries:
0x00007ff635ca0000 - 0x00007ff635cd7000 	C:\Program Files\Java\jdk1.8.0_45\bin\java.exe
0x00007ffc631c0000 - 0x00007ffc633a0000 	C:\WINDOWS\SYSTEM32\ntdll.dll
0x00007ffc62ed0000 - 0x00007ffc62f7e000 	C:\WINDOWS\System32\KERNEL32.DLL
0x00007ffc5fb20000 - 0x00007ffc5fd86000 	C:\WINDOWS\System32\KERNELBASE.dll
0x00007ffc627c0000 - 0x00007ffc62861000 	C:\WINDOWS\System32\ADVAPI32.dll
0x00007ffc608e0000 - 0x00007ffc6097d000 	C:\WINDOWS\System32\msvcrt.dll
0x00007ffc60ae0000 - 0x00007ffc60b3b000 	C:\WINDOWS\System32\sechost.dll
0x00007ffc60690000 - 0x00007ffc607af000 	C:\WINDOWS\System32\RPCRT4.dll
0x00007ffc628e0000 - 0x00007ffc62a6f000 	C:\WINDOWS\System32\USER32.dll
0x00007ffc5f930000 - 0x00007ffc5f950000 	C:\WINDOWS\System32\win32u.dll
0x00007ffc62340000 - 0x00007ffc62368000 	C:\WINDOWS\System32\GDI32.dll
0x00007ffc5f790000 - 0x00007ffc5f923000 	C:\WINDOWS\System32\gdi32full.dll
0x00007ffc5fdf0000 - 0x00007ffc5fe8b000 	C:\WINDOWS\System32\msvcp_win.dll
0x00007ffc5f690000 - 0x00007ffc5f786000 	C:\WINDOWS\System32\ucrtbase.dll
0x00007ffc38d60000 - 0x00007ffc38fc9000 	C:\WINDOWS\WinSxS\amd64_microsoft.windows.common-controls_6595b64144ccf1df_6.0.16299.192_none_15c8cdae9364c23b\COMCTL32.dll
0x00007ffc624b0000 - 0x00007ffc627b8000 	C:\WINDOWS\System32\combase.dll
0x00007ffc5f5c0000 - 0x00007ffc5f632000 	C:\WINDOWS\System32\bcryptPrimitives.dll
0x00007ffc62480000 - 0x00007ffc624ad000 	C:\WINDOWS\System32\IMM32.DLL
0x0000000067670000 - 0x0000000067742000 	C:\Program Files\Java\jdk1.8.0_45\jre\bin\msvcr100.dll
0x0000000064560000 - 0x0000000064de3000 	C:\Program Files\Java\jdk1.8.0_45\jre\bin\server\jvm.dll
0x00007ffc62ec0000 - 0x00007ffc62ec8000 	C:\WINDOWS\System32\PSAPI.DLL
0x00007ffc59950000 - 0x00007ffc59959000 	C:\WINDOWS\SYSTEM32\WSOCK32.dll
0x00007ffc62f80000 - 0x00007ffc62fec000 	C:\WINDOWS\System32\WS2_32.dll
0x00007ffc546f0000 - 0x00007ffc54713000 	C:\WINDOWS\SYSTEM32\WINMM.dll
0x00007ffc54720000 - 0x00007ffc5472a000 	C:\WINDOWS\SYSTEM32\VERSION.dll
0x00007ffc546c0000 - 0x00007ffc546ea000 	C:\WINDOWS\SYSTEM32\WINMMBASE.dll
0x00007ffc5f640000 - 0x00007ffc5f68a000 	C:\WINDOWS\System32\cfgmgr32.dll
0x0000000067660000 - 0x000000006766f000 	C:\Program Files\Java\jdk1.8.0_45\jre\bin\verify.dll
0x0000000067630000 - 0x0000000067659000 	C:\Program Files\Java\jdk1.8.0_45\jre\bin\java.dll
0x0000000067610000 - 0x0000000067626000 	C:\Program Files\Java\jdk1.8.0_45\jre\bin\zip.dll
0x00007ffc60f00000 - 0x00007ffc62336000 	C:\WINDOWS\System32\SHELL32.dll
0x00007ffc60830000 - 0x00007ffc608d6000 	C:\WINDOWS\System32\shcore.dll
0x00007ffc5ff40000 - 0x00007ffc60687000 	C:\WINDOWS\System32\windows.storage.dll
0x00007ffc60e00000 - 0x00007ffc60e51000 	C:\WINDOWS\System32\shlwapi.dll
0x00007ffc5f5a0000 - 0x00007ffc5f5b1000 	C:\WINDOWS\System32\kernel.appcore.dll
0x00007ffc5f550000 - 0x00007ffc5f59c000 	C:\WINDOWS\System32\powrprof.dll
0x00007ffc5f510000 - 0x00007ffc5f52b000 	C:\WINDOWS\System32\profapi.dll
0x00007ffc5ef60000 - 0x00007ffc5ef77000 	C:\WINDOWS\SYSTEM32\CRYPTSP.dll
0x00007ffc5e9b0000 - 0x00007ffc5e9e3000 	C:\WINDOWS\system32\rsaenh.dll
0x00007ffc5f070000 - 0x00007ffc5f095000 	C:\WINDOWS\SYSTEM32\bcrypt.dll
0x00007ffc5f440000 - 0x00007ffc5f469000 	C:\WINDOWS\SYSTEM32\USERENV.dll
0x00007ffc5ef80000 - 0x00007ffc5ef8b000 	C:\WINDOWS\SYSTEM32\CRYPTBASE.dll
0x00000000675f0000 - 0x000000006760a000 	C:\Program Files\Java\jdk1.8.0_45\jre\bin\net.dll
0x00007ffc5eda0000 - 0x00007ffc5ee06000 	C:\WINDOWS\system32\mswsock.dll
0x00007ffc5eb30000 - 0x00007ffc5eb69000 	C:\WINDOWS\SYSTEM32\IPHLPAPI.DLL
0x00007ffc60980000 - 0x00007ffc60988000 	C:\WINDOWS\System32\NSI.dll
0x00007ffc5b8a0000 - 0x00007ffc5b8b6000 	C:\WINDOWS\SYSTEM32\dhcpcsvc6.DLL
0x00007ffc5b8e0000 - 0x00007ffc5b8fa000 	C:\WINDOWS\SYSTEM32\dhcpcsvc.DLL
0x0000000066e60000 - 0x0000000066e71000 	C:\Program Files\Java\jdk1.8.0_45\jre\bin\nio.dll

VM Arguments:
jvm_args: -Djava.awt.headless=true -Xmx64M -Dfile.encoding=windows-1252 -Duser.country=US -Duser.language=en -Duser.variant 
java_command: com.google.devtools.build.android.desugar.Desugar --input C:\Users\Lenovo\AndroidStudioProjects\newproject\app\build\intermediates\transforms\stackFramesFixer\debug\5.jar --output C:\Users\Lenovo\AndroidStudioProjects\newproject\app\build\intermediates\transforms\desugar\debug\6.jar --input C:\Users\Lenovo\AndroidStudioProjects\newproject\app\build\intermediates\transforms\stackFramesFixer\debug\6.jar --output C:\Users\Lenovo\AndroidStudioProjects\newproject\app\build\intermediates\transforms\desugar\debug\7.jar --input C:\Users\Lenovo\AndroidStudioProjects\newproject\app\build\intermediates\transforms\stackFramesFixer\debug\4.jar --output C:\Users\Lenovo\AndroidStudioProjects\newproject\app\build\intermediates\transforms\desugar\debug\5.jar --input C:\Users\Lenovo\AndroidStudioProjects\newproject\app\build\intermediates\transforms\stackFramesFixer\debug\12.jar --output C:\Users\Lenovo\AndroidStudioProjects\newproject\app\build\intermediates\transforms\desugar\debug\13.jar --input C:\Users\Lenovo\AndroidStudioProjects\newproject\app\build\intermediates\transforms\stackFramesFixer\debug\1.jar --output C:\Users\Lenovo\AndroidStudioProjects\newproject\app\build\intermediates\transforms\desugar\debug\2.jar --classpath_entry C:\Users\Lenovo\AndroidStudioProjects\newproject\app\build\intermediates\classes\debug --classpath_entry C:\Users\Lenovo\AndroidStudioProjects\newproject\app\build\intermediates\transforms\stackFramesFixer\debug\0.jar --classpath_entry C:\Users\Lenovo\AndroidStudioProjects\newproject\app\build\intermediates\transforms\stackFramesFixer\debug\1.jar --classpath_entry C:\Users\Lenovo\AndroidStudioProjects\newproject\app\build\intermediates\transforms\stackFramesFixer\debug\2.jar --classpath_entry C:\Users\Lenovo\AndroidStudioProjects\newproject\app\build\intermediates\transforms\stackFramesFixer\debug\3.jar --classpath_entry C:\Users\Lenovo\AndroidStudioProjects\newproject\app\build\intermediates\transforms\stackFramesFixer\debug\4.jar --
java_class_path (initial): C:\Users\Lenovo\AppData\Local\Temp\desugar_deploy.jar821605468817640050
Launcher Type: SUN_STANDARD

Environment Variables:
JAVA_HOME=C:\Program Files\Java\jdk1.8.0_45
USERNAME=Lenovo
OS=Windows_NT
PROCESSOR_IDENTIFIER=Intel64 Family 6 Model 69 Stepping 1, GenuineIntel



---------------  S Y S T E M  ---------------

OS: Windows 10.0 , 64 bit Build 16299 (10.0.16299.15)

CPU:total 4 (2 cores per cpu, 2 threads per core) family 6 model 69 stepping 1, cmov, cx8, fxsr, mmx, sse, sse2, sse3, ssse3, sse4.1, sse4.2, popcnt, avx, avx2, aes, clmul, erms, lzcnt, ht, tsc, tscinvbit, bmi1, bmi2

Memory: 4k page, physical 6181144k(552464k free), swap 9457940k(3096k free)

vm_info: Java HotSpot(TM) 64-Bit Server VM (25.45-b02) for windows-amd64 JRE (1.8.0_45-b15), built on Apr 30 2015 12:40:44 by "java_re" with MS VC++ 10.0 (VS2010)

time: Sat Feb 03 13:33:17 2018
elapsed time: 1 seconds (0d 0h 0m 1s)

