#
# There is insufficient memory for the Java Runtime Environment to continue.
# Native memory allocation (malloc) failed to allocate 32744 bytes for ChunkPool::allocate
# Possible reasons:
#   The system is out of physical RAM or swap space
#   In 32 bit mode, the process size limit was hit
# Possible solutions:
#   Reduce memory load on the system
#   Increase physical memory or swap space
#   Check if swap backing store is full
#   Use 64 bit Java on a 64 bit OS
#   Decrease Java heap size (-Xmx/-Xms)
#   Decrease number of Java threads
#   Decrease Java thread stack sizes (-Xss)
#   Set larger code cache with -XX:ReservedCodeCacheSize=
# This output file may be truncated or incomplete.
#
#  Out of Memory Error (allocation.cpp:273), pid=11048, tid=8152
#
# JRE version: Java(TM) SE Runtime Environment (8.0_45-b15) (build 1.8.0_45-b15)
# Java VM: Java HotSpot(TM) 64-Bit Server VM (25.45-b02 mixed mode windows-amd64 compressed oops)
# Failed to write core dump. Minidumps are not enabled by default on client versions of Windows
#

---------------  T H R E A D  ---------------

Current thread (0x00000000165c0800):  JavaThread "C1 CompilerThread2" daemon [_thread_in_native, id=8152, stack(0x00000000169b0000,0x0000000016ab0000)]

Stack: [0x00000000169b0000,0x0000000016ab0000]
Native frames: (J=compiled Java code, j=interpreted, Vv=VM code, C=native code)
V  [jvm.dll+0x32b57a]
V  [jvm.dll+0x279873]
V  [jvm.dll+0x27a509]
V  [jvm.dll+0x271825]
V  [jvm.dll+0xcb804]
V  [jvm.dll+0xcba27]
V  [jvm.dll+0xcbeac]
V  [jvm.dll+0xab583]
V  [jvm.dll+0x4234b0]
V  [jvm.dll+0x423692]
V  [jvm.dll+0x423f2e]
V  [jvm.dll+0x4240dc]
V  [jvm.dll+0x4273ab]
V  [jvm.dll+0x405e70]
V  [jvm.dll+0x406240]
V  [jvm.dll+0x406372]
V  [jvm.dll+0x406541]
V  [jvm.dll+0x40674f]
V  [jvm.dll+0xa4352]
V  [jvm.dll+0xa4c8f]
V  [jvm.dll+0x241984]
V  [jvm.dll+0x29853a]
C  [msvcr100.dll+0x21d9f]
C  [msvcr100.dll+0x21e3b]
C  [KERNEL32.DLL+0x11fe4]
C  [ntdll.dll+0x6efb1]


Current CompileTask:
C1:    897  123       3       sun.nio.fs.WindowsPathParser::parse (384 bytes)


---------------  P R O C E S S  ---------------

Java Threads: ( => current thread )
  0x0000000014dbe800 JavaThread "Service Thread" daemon [_thread_blocked, id=3556, stack(0x0000000016ab0000,0x0000000016bb0000)]
=>0x00000000165c0800 JavaThread "C1 CompilerThread2" daemon [_thread_in_native, id=8152, stack(0x00000000169b0000,0x0000000016ab0000)]
  0x0000000014d64000 JavaThread "C2 CompilerThread1" daemon [_thread_blocked, id=8580, stack(0x00000000164b0000,0x00000000165b0000)]
  0x0000000014d62000 JavaThread "C2 CompilerThread0" daemon [_thread_blocked, id=8928, stack(0x00000000163b0000,0x00000000164b0000)]
  0x0000000014d60000 JavaThread "Attach Listener" daemon [_thread_blocked, id=892, stack(0x00000000162b0000,0x00000000163b0000)]
  0x0000000014d5e800 JavaThread "Signal Dispatcher" daemon [_thread_blocked, id=3280, stack(0x00000000161b0000,0x00000000162b0000)]
  0x0000000004834000 JavaThread "Finalizer" daemon [_thread_blocked, id=5260, stack(0x0000000015fb0000,0x00000000160b0000)]
  0x0000000004831000 JavaThread "Reference Handler" daemon [_thread_blocked, id=10656, stack(0x0000000015eb0000,0x0000000015fb0000)]
  0x0000000004743800 JavaThread "main" [_thread_in_native, id=12084, stack(0x0000000002e80000,0x0000000002f80000)]

Other Threads:
  0x0000000014d27800 VMThread [stack: 0x0000000015db0000,0x0000000015eb0000] [id=1976]
  0x00000000165c1800 WatcherThread [stack: 0x0000000016bb0000,0x0000000016cb0000] [id=7840]

VM state:not at safepoint (normal execution)

VM Mutex/Monitor currently owned by a thread: None

Heap:
 PSYoungGen      total 18944K, used 3024K [0x00000000feb00000, 0x0000000100000000, 0x0000000100000000)
  eden space 16384K, 18% used [0x00000000feb00000,0x00000000fedf4088,0x00000000ffb00000)
  from space 2560K, 0% used [0x00000000ffd80000,0x00000000ffd80000,0x0000000100000000)
  to   space 2560K, 0% used [0x00000000ffb00000,0x00000000ffb00000,0x00000000ffd80000)
 ParOldGen       total 44032K, used 0K [0x00000000fc000000, 0x00000000feb00000, 0x00000000feb00000)
  object space 44032K, 0% used [0x00000000fc000000,0x00000000fc000000,0x00000000feb00000)
 Metaspace       used 3653K, capacity 4658K, committed 4864K, reserved 1056768K
  class space    used 400K, capacity 430K, committed 512K, reserved 1048576K

Card table byte_map: [0x0000000004850000,0x0000000004880000] byte_map_base: 0x0000000004070000

Marking Bits: (ParMarkBitMap*) 0x0000000061a24040
 Begin Bits: [0x00000000141c0000, 0x00000000142c0000)
 End Bits:   [0x00000000142c0000, 0x00000000143c0000)

Polling page: 0x0000000002b50000

CodeCache: size=245760Kb used=1280Kb max_used=1290Kb free=244479Kb
 bounds [0x0000000004b00000, 0x0000000004d70000, 0x0000000013b00000]
 total_blobs=402 nmethods=126 adapters=189
 compilation: enabled

Compilation events (10 events):
Event: 0.530 Thread 0x00000000165c0800 nmethod 121 0x0000000004c3e390 code [0x0000000004c3e500, 0x0000000004c3e6b0]
Event: 0.530 Thread 0x00000000165c0800  124       3       java.lang.String::lastIndexOf (13 bytes)
Event: 0.530 Thread 0x00000000165c0800 nmethod 124 0x0000000004c3e750 code [0x0000000004c3e8c0, 0x0000000004c3eae8]
Event: 0.530 Thread 0x00000000165c0800  122       3       java.lang.ref.WeakReference::<init> (6 bytes)
Event: 0.530 Thread 0x00000000165c0800 nmethod 122 0x0000000004c3eb90 code [0x0000000004c3ed00, 0x0000000004c3efd0]
Event: 0.530 Thread 0x00000000165c0800  125   !   3       java.nio.charset.Charset::defaultCharset (65 bytes)
Event: 0.531 Thread 0x00000000165c0800 nmethod 125 0x0000000004c3f110 code [0x0000000004c3f300, 0x0000000004c3fab8]
Event: 0.531 Thread 0x00000000165c0800  123       3       sun.nio.fs.WindowsPathParser::parse (384 bytes)
Event: 0.531 Thread 0x0000000014d64000  130       4       java.lang.Math::min (11 bytes)
Event: 0.532 Thread 0x0000000014d64000 nmethod 130 0x0000000004c42b10 code [0x0000000004c42c40, 0x0000000004c42c98]

GC Heap History (0 events):
No events

Deoptimization events (0 events):
No events

Internal exceptions (2 events):
Event: 0.119 Thread 0x0000000004743800 Exception <a 'java/lang/NoSuchMethodError': Method sun.misc.Unsafe.defineClass(Ljava/lang/String;[BII)Ljava/lang/Class; name or signature does not match> (0x00000000feb0ffc0) thrown at [C:\re\workspace\8-2-build-windows-amd64-cygwin\jdk8u45\3627\hotspot\sr‰kqƒy¾?
Event: 0.119 Thread 0x0000000004743800 Exception <a 'java/lang/NoSuchMethodError': Method sun.misc.Unsafe.prefetchRead(Ljava/lang/Object;J)V name or signature does not match> (0x00000000feb10250) thrown at [C:\re\workspace\8-2-build-windows-amd64-cygwin\jdk8u45\3627\hotspot\src\share\vm\prims\j

Events (10 events):
Event: 0.482 loading class java/nio/file/attribute/BasicFileAttributes
Event: 0.482 loading class java/nio/file/attribute/BasicFileAttributes done
Event: 0.482 loading class java/nio/file/attribute/DosFileAttributes done
Event: 0.482 loading class sun/nio/fs/WindowsFileAttributes done
Event: 0.488 loading class sun/nio/fs/WindowsDirectoryStream$WindowsDirectoryIterator
Event: 0.488 loading class sun/nio/fs/WindowsDirectoryStream$WindowsDirectoryIterator done
Event: 0.489 loading class sun/nio/fs/WindowsPath$WindowsPathWithAttributes
Event: 0.523 loading class sun/nio/fs/BasicFileAttributesHolder
Event: 0.523 loading class sun/nio/fs/BasicFileAttributesHolder done
Event: 0.523 loading class sun/nio/fs/WindowsPath$WindowsPathWithAttributes done


Dynamic libraries:
0x00007ff6dbd50000 - 0x00007ff6dbd87000 	C:\Program Files\Java\jdk1.8.0_45\bin\java.exe
0x00007ff9adf20000 - 0x00007ff9ae100000 	C:\WINDOWS\SYSTEM32\ntdll.dll
0x00007ff9addd0000 - 0x00007ff9ade7e000 	C:\WINDOWS\System32\KERNEL32.DLL
0x00007ff9aac70000 - 0x00007ff9aaed6000 	C:\WINDOWS\System32\KERNELBASE.dll
0x00007ff9ab500000 - 0x00007ff9ab5a1000 	C:\WINDOWS\System32\ADVAPI32.dll
0x00007ff9ad980000 - 0x00007ff9ada1d000 	C:\WINDOWS\System32\msvcrt.dll
0x00007ff9ad8b0000 - 0x00007ff9ad90b000 	C:\WINDOWS\System32\sechost.dll
0x00007ff9adcb0000 - 0x00007ff9addcf000 	C:\WINDOWS\System32\RPCRT4.dll
0x00007ff9ada20000 - 0x00007ff9adbaf000 	C:\WINDOWS\System32\USER32.dll
0x00007ff9ab350000 - 0x00007ff9ab370000 	C:\WINDOWS\System32\win32u.dll
0x00007ff9ad090000 - 0x00007ff9ad0b8000 	C:\WINDOWS\System32\GDI32.dll
0x00007ff9ab1b0000 - 0x00007ff9ab343000 	C:\WINDOWS\System32\gdi32full.dll
0x00007ff9ab110000 - 0x00007ff9ab1ab000 	C:\WINDOWS\System32\msvcp_win.dll
0x00007ff9aab70000 - 0x00007ff9aac66000 	C:\WINDOWS\System32\ucrtbase.dll
0x00007ff985ac0000 - 0x00007ff985d29000 	C:\WINDOWS\WinSxS\amd64_microsoft.windows.common-controls_6595b64144ccf1df_6.0.16299.192_none_15c8cdae9364c23b\COMCTL32.dll
0x00007ff9ad5a0000 - 0x00007ff9ad8a8000 	C:\WINDOWS\System32\combase.dll
0x00007ff9ab370000 - 0x00007ff9ab3e2000 	C:\WINDOWS\System32\bcryptPrimitives.dll
0x00007ff9adbd0000 - 0x00007ff9adbfd000 	C:\WINDOWS\System32\IMM32.DLL
0x0000000062c70000 - 0x0000000062d42000 	C:\Program Files\Java\jdk1.8.0_45\jre\bin\msvcr100.dll
0x0000000061220000 - 0x0000000061aa3000 	C:\Program Files\Java\jdk1.8.0_45\jre\bin\server\jvm.dll
0x00007ff9adc00000 - 0x00007ff9adc08000 	C:\WINDOWS\System32\PSAPI.DLL
0x00007ff9912b0000 - 0x00007ff9912b9000 	C:\WINDOWS\SYSTEM32\WSOCK32.dll
0x00007ff9a8440000 - 0x00007ff9a8463000 	C:\WINDOWS\SYSTEM32\WINMM.dll
0x00007ff9ad3c0000 - 0x00007ff9ad42c000 	C:\WINDOWS\System32\WS2_32.dll
0x00007ff99c070000 - 0x00007ff99c07a000 	C:\WINDOWS\SYSTEM32\VERSION.dll
0x00007ff9a8410000 - 0x00007ff9a843a000 	C:\WINDOWS\SYSTEM32\WINMMBASE.dll
0x00007ff9aaa70000 - 0x00007ff9aaaba000 	C:\WINDOWS\System32\cfgmgr32.dll
0x00000000645b0000 - 0x00000000645bf000 	C:\Program Files\Java\jdk1.8.0_45\jre\bin\verify.dll
0x0000000062c40000 - 0x0000000062c69000 	C:\Program Files\Java\jdk1.8.0_45\jre\bin\java.dll
0x00000000643d0000 - 0x00000000643e6000 	C:\Program Files\Java\jdk1.8.0_45\jre\bin\zip.dll
0x00007ff9abba0000 - 0x00007ff9acfd6000 	C:\WINDOWS\System32\SHELL32.dll
0x00007ff9acfe0000 - 0x00007ff9ad086000 	C:\WINDOWS\System32\shcore.dll
0x00007ff9aa320000 - 0x00007ff9aaa67000 	C:\WINDOWS\System32\windows.storage.dll
0x00007ff9ade80000 - 0x00007ff9aded1000 	C:\WINDOWS\System32\shlwapi.dll
0x00007ff9aa300000 - 0x00007ff9aa311000 	C:\WINDOWS\System32\kernel.appcore.dll
0x00007ff9aa270000 - 0x00007ff9aa2bc000 	C:\WINDOWS\System32\powrprof.dll
0x00007ff9aa2c0000 - 0x00007ff9aa2db000 	C:\WINDOWS\System32\profapi.dll
0x00007ff9a9cc0000 - 0x00007ff9a9cd7000 	C:\WINDOWS\SYSTEM32\CRYPTSP.dll
0x00007ff9a9710000 - 0x00007ff9a9743000 	C:\WINDOWS\system32\rsaenh.dll
0x00007ff9a9dd0000 - 0x00007ff9a9df5000 	C:\WINDOWS\SYSTEM32\bcrypt.dll
0x00007ff9aa1a0000 - 0x00007ff9aa1c9000 	C:\WINDOWS\SYSTEM32\USERENV.dll
0x00007ff9a9ce0000 - 0x00007ff9a9ceb000 	C:\WINDOWS\SYSTEM32\CRYPTBASE.dll
0x0000000062c20000 - 0x0000000062c3a000 	C:\Program Files\Java\jdk1.8.0_45\jre\bin\net.dll
0x00007ff9a9b00000 - 0x00007ff9a9b66000 	C:\WINDOWS\system32\mswsock.dll
0x00007ff9a9890000 - 0x00007ff9a98c9000 	C:\WINDOWS\SYSTEM32\IPHLPAPI.DLL
0x00007ff9adee0000 - 0x00007ff9adee8000 	C:\WINDOWS\System32\NSI.dll
0x00007ff9a2cf0000 - 0x00007ff9a2d06000 	C:\WINDOWS\SYSTEM32\dhcpcsvc6.DLL
0x00007ff9a2e70000 - 0x00007ff9a2e8a000 	C:\WINDOWS\SYSTEM32\dhcpcsvc.DLL
0x0000000062c00000 - 0x0000000062c11000 	C:\Program Files\Java\jdk1.8.0_45\jre\bin\nio.dll
0x00007ff99acd0000 - 0x00007ff99ae98000 	C:\WINDOWS\SYSTEM32\dbghelp.dll

VM Arguments:
jvm_args: -Djava.awt.headless=true -Xmx64M -Dfile.encoding=windows-1252 -Duser.country=US -Duser.language=en -Duser.variant 
java_command: com.google.devtools.build.android.desugar.Desugar --input C:\Users\Lenovo\AndroidStudioProjects\newproject\app\build\intermediates\transforms\stackFramesFixer\debug\13.jar --output C:\Users\Lenovo\AndroidStudioProjects\newproject\app\build\intermediates\transforms\desugar\debug\14.jar --input C:\Users\Lenovo\AndroidStudioProjects\newproject\app\build\intermediates\transforms\stackFramesFixer\debug\15.jar --output C:\Users\Lenovo\AndroidStudioProjects\newproject\app\build\intermediates\transforms\desugar\debug\16.jar --input C:\Users\Lenovo\AndroidStudioProjects\newproject\app\build\intermediates\transforms\stackFramesFixer\debug\9.jar --output C:\Users\Lenovo\AndroidStudioProjects\newproject\app\build\intermediates\transforms\desugar\debug\10.jar --input C:\Users\Lenovo\AndroidStudioProjects\newproject\app\build\intermediates\transforms\stackFramesFixer\debug\1.jar --output C:\Users\Lenovo\AndroidStudioProjects\newproject\app\build\intermediates\transforms\desugar\debug\2.jar --classpath_entry C:\Users\Lenovo\AndroidStudioProjects\newproject\app\build\intermediates\classes\debug --classpath_entry C:\Users\Lenovo\AndroidStudioProjects\newproject\app\build\intermediates\transforms\stackFramesFixer\debug\0.jar --classpath_entry C:\Users\Lenovo\AndroidStudioProjects\newproject\app\build\intermediates\transforms\stackFramesFixer\debug\1.jar --classpath_entry C:\Users\Lenovo\AndroidStudioProjects\newproject\app\build\intermediates\transforms\stackFramesFixer\debug\2.jar --classpath_entry C:\Users\Lenovo\AndroidStudioProjects\newproject\app\build\intermediates\transforms\stackFramesFixer\debug\3.jar --classpath_entry C:\Users\Lenovo\AndroidStudioProjects\newproject\app\build\intermediates\transforms\stackFramesFixer\debug\4.jar --classpath_entry C:\Users\Lenovo\AndroidStudioProjects\newproject\app\build\intermediates\transforms\stackFramesFixer\debug\5.jar --classpath_entry C:\Users\Lenovo\AndroidStudioProjects\newproject\app\build\intermediates\transforms\
java_class_path (initial): C:\Users\Lenovo\AppData\Local\Temp\desugar_deploy.jar7057651100229723373
Launcher Type: SUN_STANDARD

Environment Variables:
JAVA_HOME=C:\Program Files\Java\jdk1.8.0_45
USERNAME=Lenovo
OS=Windows_NT
PROCESSOR_IDENTIFIER=Intel64 Family 6 Model 69 Stepping 1, GenuineIntel



---------------  S Y S T E M  ---------------

OS: Windows 10.0 , 64 bit Build 16299 (10.0.16299.15)

CPU:total 4 (2 cores per cpu, 2 threads per core) family 6 model 69 stepping 1, cmov, cx8, fxsr, mmx, sse, sse2, sse3, ssse3, sse4.1, sse4.2, popcnt, avx, avx2, aes, clmul, erms, lzcnt, ht, tsc, tscinvbit, bmi1, bmi2

Memory: 4k page, physical 6181144k(553564k free), swap 9457940k(122260k free)

vm_info: Java HotSpot(TM) 64-Bit Server VM (25.45-b02) for windows-amd64 JRE (1.8.0_45-b15), built on Apr 30 2015 12:40:44 by "java_re" with MS VC++ 10.0 (VS2010)

time: Sat Feb 10 17:25:59 2018
elapsed time: 0 seconds (0d 0h 0m 0s)

