JvmtiExport can_access_local_variables 0
JvmtiExport can_hotswap_or_post_breakpoint 0
JvmtiExport can_post_on_exceptions 0
# 337 ciObject found
ciMethod java/lang/Object <init> ()V 4097 1 39096 0 0
ciMethod java/lang/String <init> ([C)V 625 1 78 0 -1
ciMethod java/lang/String <init> ([CII)V 2041 1 5714 0 608
ciMethod java/lang/String charAt (I)C 4097 1 49325 0 -1
ciMethod java/lang/System arraycopy (Ljava/lang/Object;ILjava/lang/Object;II)V 5121 1 640 0 -1
ciMethod java/nio/Buffer position ()I 521 1 65 0 -1
ciMethod java/lang/Character isSupplementaryCodePoint (I)Z 0 0 1 0 -1
ciMethod java/lang/Character isSurrogate (C)Z 0 0 32 0 -1
ciMethod java/lang/Character highSurrogate (I)C 0 0 1 0 -1
ciMethod java/lang/Character lowSurrogate (I)C 0 0 1 0 -1
ciMethod java/lang/Byte toUnsignedInt (B)I 0 0 1 0 -1
ciMethod java/lang/Math min (II)I 3337 1 16267 0 -1
ciMethod java/nio/charset/Charset newDecoder ()Ljava/nio/charset/CharsetDecoder; 0 0 1 0 -1
ciMethod java/util/Arrays copyOfRange ([CII)[C 2049 1 5481 0 512
ciMethod java/nio/ByteBuffer wrap ([BII)Ljava/nio/ByteBuffer; 0 0 29 0 -1
ciMethodData java/lang/Object <init> ()V 2 39096 orig 264 136 112 127 97 0 0 0 0 136 4 104 20 0 0 0 0 32 1 0 0 0 0 0 0 0 0 0 0 0 0 0 0 0 0 0 0 0 0 0 0 0 0 0 0 0 0 0 0 0 0 0 0 0 0 0 0 0 0 0 0 0 0 0 0 0 0 0 0 0 0 0 0 0 0 0 0 0 0 0 0 77 68 79 32 101 120 116 114 97 32 100 97 116 97 32 108 111 99 107 0 0 0 0 0 0 0 0 0 0 0 0 0 0 0 0 0 0 0 0 0 0 0 0 0 0 0 0 0 0 0 0 0 0 0 0 0 0 0 0 0 0 0 0 0 0 0 0 0 0 0 0 0 0 0 0 0 0 0 0 0 0 0 0 0 0 0 0 0 0 0 0 0 0 0 0 0 0 0 0 0 0 0 0 0 0 0 0 0 0 0 0 0 0 0 0 0 0 0 0 0 0 0 0 0 0 0 0 0 0 0 0 0 0 0 0 0 0 2 0 0 193 181 4 0 1 0 0 0 0 0 0 0 0 0 0 0 2 0 0 0 0 0 3 0 1 0 0 0 0 0 0 0 255 255 255 255 0 0 0 0 0 0 0 0 data 0 oops 0
ciMethod sun/nio/cs/ArrayDecoder decode ([BII[C)I 0 0 1 0 -1
ciMethod java/nio/charset/CharsetDecoder replacement ()Ljava/lang/String; 0 0 1 0 -1
ciMethod java/nio/charset/CharsetDecoder malformedInputAction ()Ljava/nio/charset/CodingErrorAction; 0 0 1 0 -1
ciMethod java/nio/charset/CharsetDecoder onMalformedInput (Ljava/nio/charset/CodingErrorAction;)Ljava/nio/charset/CharsetDecoder; 137 1 17 0 -1
ciMethod java/nio/charset/CharsetDecoder onUnmappableCharacter (Ljava/nio/charset/CodingErrorAction;)Ljava/nio/charset/CharsetDecoder; 137 1 17 0 -1
ciMethod java/nio/charset/CharsetDecoder maxCharsPerByte ()F 4097 1 5269 0 0
ciMethod java/nio/charset/CharsetDecoder decode (Ljava/nio/ByteBuffer;Ljava/nio/CharBuffer;Z)Ljava/nio/charset/CoderResult; 121 1 15 0 -1
ciMethod java/nio/charset/CharsetDecoder flush (Ljava/nio/CharBuffer;)Ljava/nio/charset/CoderResult; 97 1 12 0 -1
ciMethod java/nio/charset/CharsetDecoder reset ()Ljava/nio/charset/CharsetDecoder; 4097 1 5213 0 0
ciMethod java/nio/charset/CharsetDecoder implReset ()V 4097 1 5213 0 0
ciMethod java/nio/CharBuffer wrap ([C)Ljava/nio/CharBuffer; 0 0 1 0 -1
ciMethod java/nio/charset/CoderResult isUnderflow ()Z 241 1 30 0 -1
ciMethod java/nio/charset/CoderResult length ()I 0 0 1 0 -1
ciMethod java/util/zip/ZipFile getZipEntry (Ljava/lang/String;J)Ljava/util/zip/ZipEntry; 2321 1 5410 0 -1
ciMethod java/util/zip/ZipFile getEntryTime (J)J 3081 1 385 0 -1
ciMethod java/util/zip/ZipFile getEntryCrc (J)J 7177 1 897 0 -1
ciMethod java/util/zip/ZipFile getEntryCSize (J)J 4097 1 512 0 -1
ciMethod java/util/zip/ZipFile getEntrySize (J)J 2049 1 256 0 -1
ciMethod java/util/zip/ZipFile getEntryMethod (J)I 4097 1 512 0 -1
ciMethod java/util/zip/ZipFile getEntryFlag (J)I 3081 1 385 0 -1
ciMethod java/util/zip/ZipFile getEntryBytes (JI)[B 4097 1 512 0 -1
ciMethodData java/util/Arrays copyOfRange ([CII)[C 2 5481 orig 264 136 112 127 97 0 0 0 0 0 94 123 20 0 0 0 0 120 2 0 0 240 0 0 0 0 0 0 0 0 0 0 0 0 0 0 0 0 0 0 0 0 0 0 0 0 0 0 0 0 0 0 0 0 0 0 0 0 0 0 0 0 0 0 0 0 0 0 0 0 0 0 0 0 0 0 0 0 0 0 0 77 68 79 32 101 120 116 114 97 32 100 97 116 97 32 108 111 99 107 0 0 0 0 0 0 0 0 0 0 0 0 0 0 0 0 0 0 0 0 0 0 0 0 0 0 0 0 0 0 0 0 0 0 0 0 0 0 0 0 0 0 0 0 0 0 0 0 0 0 0 0 0 0 0 0 0 0 0 0 0 0 0 0 0 0 0 0 0 0 0 0 0 0 0 0 0 0 0 0 0 0 0 0 0 0 0 0 0 0 0 0 0 0 0 0 0 0 0 0 0 0 0 0 0 0 0 0 0 0 0 0 0 0 0 0 0 0 1 0 0 73 163 0 0 1 0 0 0 0 0 0 0 0 0 0 0 2 0 0 0 0 0 9 0 2 0 0 0 32 1 0 0 255 255 255 255 7 0 5 0 0 0 0 0 data 36 0x50007 0x1469 0x100 0x0 0x100002 0x0 0x140005 0x0 0x0 0x0 0x0 0x0 0x190005 0x0 0x0 0x0 0x0 0x0 0x1d0005 0x0 0x0 0x0 0x0 0x0 0x200005 0x0 0x0 0x0 0x0 0x0 0x230002 0x0 0x360002 0x1469 0x390002 0x1469 oops 0
ciMethodData java/lang/String <init> ([CII)V 2 5714 orig 264 136 112 127 97 0 0 0 0 64 49 104 20 0 0 0 0 16 2 0 0 144 0 0 0 0 0 0 0 0 0 0 0 0 0 0 0 0 0 0 0 0 0 0 0 0 0 0 0 0 0 0 0 0 0 0 0 0 0 0 0 0 0 0 0 0 0 0 0 0 0 0 0 0 0 0 0 0 0 0 0 77 68 79 32 101 120 116 114 97 32 100 97 116 97 32 108 111 99 107 0 0 0 0 0 0 0 0 0 0 0 0 0 0 0 0 0 0 0 0 0 0 0 0 0 0 0 0 0 0 0 0 0 0 0 0 0 0 0 0 0 0 0 0 0 0 0 0 0 0 0 0 0 0 0 0 0 0 0 0 0 0 0 0 0 0 0 0 0 0 0 0 0 0 0 0 0 0 0 0 0 0 0 0 0 0 0 0 0 0 0 0 0 0 0 0 0 0 0 0 0 0 0 0 0 0 0 0 0 0 0 0 0 0 0 0 0 255 0 0 0 153 170 0 0 1 0 0 0 0 0 0 0 0 0 0 0 2 0 0 0 0 0 9 0 2 0 0 0 176 0 0 0 255 255 255 255 2 0 1 0 0 0 0 0 data 22 0x10002 0x1553 0x50007 0x1553 0x30 0x0 0xd0002 0x0 0x120007 0x1553 0x30 0x0 0x1a0002 0x0 0x230007 0x1553 0x30 0x0 0x2d0002 0x0 0x370002 0x1553 oops 0
ciMethod sun/nio/cs/UTF_8$Decoder isNotContinuation (I)Z 0 0 1 0 -1
ciMethod sun/nio/cs/UTF_8$Decoder isMalformed3 (III)Z 0 0 1 0 -1
ciMethod sun/nio/cs/UTF_8$Decoder isMalformed3_2 (II)Z 0 0 1 0 -1
ciMethod sun/nio/cs/UTF_8$Decoder isMalformed4 (III)Z 0 0 1 0 -1
ciMethod sun/nio/cs/UTF_8$Decoder isMalformed4_2 (II)Z 0 0 1 0 -1
ciMethod sun/nio/cs/UTF_8$Decoder isMalformed4_3 (I)Z 0 0 1 0 -1
ciMethod sun/nio/cs/UTF_8$Decoder malformedN (Ljava/nio/ByteBuffer;I)Ljava/nio/charset/CoderResult; 0 0 1 0 -1
ciMethod sun/nio/cs/UTF_8$Decoder getByteBuffer (Ljava/nio/ByteBuffer;[BI)Ljava/nio/ByteBuffer; 0 0 1 0 -1
ciMethod sun/nio/cs/UTF_8$Decoder decode ([BII[C)I 1105 33937 1391 0 -1
ciMethod java/util/zip/ZipCoder toString ([BI)Ljava/lang/String; 553 1 5189 0 0
ciMethod java/util/zip/ZipCoder toStringUTF8 ([BI)Ljava/lang/String; 0 0 1 0 -1
ciMethod java/util/zip/ZipCoder isUTF8 ()Z 1025 1 128 0 0
ciMethod java/util/zip/ZipCoder decoder ()Ljava/nio/charset/CharsetDecoder; 4097 1 5188 0 0
ciMethod java/util/zip/ZipEntry <init> ()V 2321 1 5410 0 0
ciMethod java/util/zip/ZipEntry setExtra0 ([BZ)V 2313 1 5409 0 -1
ciMethod java/util/zip/ZipUtils winTimeToFileTime (J)Ljava/nio/file/attribute/FileTime; 0 0 1 0 -1
ciMethod java/util/zip/ZipUtils unixTimeToFileTime (J)Ljava/nio/file/attribute/FileTime; 0 0 1 0 -1
ciMethod java/util/zip/ZipUtils dosToJavaTime (J)J 2321 1 5409 0 0
ciMethod java/util/zip/ZipUtils get16 ([BI)I 0 0 1 0 -1
ciMethod java/util/zip/ZipUtils get32 ([BI)J 0 0 1 0 -1
ciMethod java/util/zip/ZipUtils get64 ([BI)J 0 0 1 0 -1
ciMethod java/util/Date <init> (IIIIII)V 3073 1 5409 0 0
ciMethod java/util/Date getTime ()J 4097 1 5409 0 0
ciMethod java/util/Date getTimeImpl ()J 4097 1 10818 0 0
ciMethod java/util/Date normalize ()Lsun/util/calendar/BaseCalendar$Date; 2249 1 5409 0 0
ciMethod java/util/Date normalize (Lsun/util/calendar/BaseCalendar$Date;)Lsun/util/calendar/BaseCalendar$Date; 3089 1 5409 0 0
ciMethod java/util/Date getCalendarSystem (I)Lsun/util/calendar/BaseCalendar; 2049 1 10818 0 0
ciMethod java/util/Date getCalendarSystem (J)Lsun/util/calendar/BaseCalendar; 3289 1 5409 0 0
ciMethod java/util/Date getCalendarSystem (Lsun/util/calendar/BaseCalendar$Date;)Lsun/util/calendar/BaseCalendar; 3177 1 5409 0 0
ciMethod java/util/Date getJulianCalendar ()Lsun/util/calendar/BaseCalendar; 0 0 1 0 -1
ciMethod sun/util/calendar/CalendarSystem getCalendarDate (JLsun/util/calendar/CalendarDate;)Lsun/util/calendar/CalendarDate; 0 0 1 0 -1
ciMethod sun/util/calendar/CalendarSystem newCalendarDate (Ljava/util/TimeZone;)Lsun/util/calendar/CalendarDate; 0 0 1 0 -1
ciMethod sun/util/calendar/Gregorian getCalendarDate (JLsun/util/calendar/CalendarDate;)Lsun/util/calendar/Gregorian$Date; 4097 1 5409 0 0
ciMethod sun/util/calendar/Gregorian newCalendarDate (Ljava/util/TimeZone;)Lsun/util/calendar/Gregorian$Date; 3065 1 5409 0 0
ciMethod sun/util/calendar/Gregorian getCalendarDate (JLsun/util/calendar/CalendarDate;)Lsun/util/calendar/CalendarDate; 4097 1 5409 0 0
ciMethod sun/util/calendar/Gregorian newCalendarDate (Ljava/util/TimeZone;)Lsun/util/calendar/CalendarDate; 3073 1 5409 0 0
ciMethod sun/util/calendar/BaseCalendar normalizeMonth (Lsun/util/calendar/CalendarDate;)V 4097 1 5409 0 0
ciMethod sun/util/calendar/BaseCalendar getDayOfYear (III)J 4097 1 1819 0 0
ciMethod sun/util/calendar/BaseCalendar getFixedDate (Lsun/util/calendar/CalendarDate;)J 4097 1 5409 0 0
ciMethod sun/util/calendar/BaseCalendar getFixedDate (IIILsun/util/calendar/BaseCalendar$Date;)J 4097 1 5409 0 0
ciMethod sun/util/calendar/BaseCalendar getCalendarDateFromFixedDate (Lsun/util/calendar/CalendarDate;J)V 4097 1 5409 0 0
ciMethod sun/util/calendar/BaseCalendar getDayOfWeekFromFixedDate (J)I 4097 1 5409 0 0
ciMethod sun/util/calendar/BaseCalendar getGregorianYearFromFixedDate (J)I 0 0 1 0 -1
ciMethod sun/util/calendar/BaseCalendar isLeapYear (Lsun/util/calendar/CalendarDate;)Z 4097 1 5409 0 0
ciMethod sun/util/calendar/BaseCalendar isLeapYear (I)Z 3073 1 18046 0 0
ciMethod sun/util/calendar/AbstractCalendar getCalendarDate (JLjava/util/TimeZone;)Lsun/util/calendar/CalendarDate; 0 0 1 0 -1
ciMethod sun/util/calendar/AbstractCalendar getCalendarDate (JLsun/util/calendar/CalendarDate;)Lsun/util/calendar/CalendarDate; 4097 2305 5409 0 0
ciMethod sun/util/calendar/AbstractCalendar getTime (Lsun/util/calendar/CalendarDate;)J 3281 1 5409 0 0
ciMethod sun/util/calendar/AbstractCalendar getTimeOfDay (Lsun/util/calendar/CalendarDate;)J 4097 1 5409 0 0
ciMethod sun/util/calendar/AbstractCalendar getTimeOfDayValue (Lsun/util/calendar/CalendarDate;)J 4097 1 5409 0 0
ciMethod sun/util/calendar/AbstractCalendar setTimeOfDay (Lsun/util/calendar/CalendarDate;I)Lsun/util/calendar/CalendarDate; 4097 1 5409 0 0
ciMethod sun/util/calendar/AbstractCalendar isLeapYear (Lsun/util/calendar/CalendarDate;)Z 0 0 1 0 -1
ciMethod sun/util/calendar/AbstractCalendar getFixedDate (Lsun/util/calendar/CalendarDate;)J 0 0 1 0 -1
ciMethod sun/util/calendar/AbstractCalendar getCalendarDateFromFixedDate (Lsun/util/calendar/CalendarDate;J)V 0 0 1 0 -1
ciMethod java/util/TimeZone getOffset (J)I 0 0 1 0 -1
ciMethod java/util/TimeZone getRawOffset ()I 0 0 1 0 -1
ciMethod java/util/TimeZone getTimeZone (Ljava/lang/String;)Ljava/util/TimeZone; 0 0 1 0 -1
ciMethod java/util/TimeZone getDefaultRef ()Ljava/util/TimeZone; 4097 1 10818 0 0
ciMethod java/util/TimeZone setDefaultZone ()Ljava/util/TimeZone; 9 1 1 0 -1
ciMethod sun/util/calendar/ZoneInfo getOffsets (J[I)I 4097 1 5409 0 0
ciMethod sun/util/calendar/ZoneInfo getOffsetsByStandard (J[I)I 0 0 1 0 -1
ciMethod sun/util/calendar/ZoneInfo getOffsetsByWall (J[I)I 4097 1 5409 0 0
ciMethod sun/util/calendar/ZoneInfo getOffsets (J[II)I 2049 1 8386 0 992
ciMethod sun/util/calendar/ZoneInfo getTransitionIndex (JI)I 2049 15217 3633 0 512
ciMethod sun/util/calendar/ZoneInfo getLastRawOffset ()I 0 0 1 0 -1
ciMethod sun/util/calendar/ZoneInfo getLastRule ()Ljava/util/SimpleTimeZone; 0 0 1 0 -1
ciMethod sun/util/calendar/Gregorian$Date <init> (Ljava/util/TimeZone;)V 3065 1 5409 0 0
ciMethod sun/util/calendar/Gregorian$Date getNormalizedYear ()I 3073 1 6788 0 32
ciMethod sun/util/calendar/Gregorian$Date setNormalizedYear (I)V 3073 1 5504 0 64
ciMethod sun/util/calendar/BaseCalendar$Date <init> (Ljava/util/TimeZone;)V 3065 1 5409 0 0
ciMethod sun/util/calendar/BaseCalendar$Date setNormalizedDate (III)Lsun/util/calendar/BaseCalendar$Date; 3065 1 5409 0 0
ciMethod sun/util/calendar/BaseCalendar$Date getNormalizedYear ()I 0 0 1 0 -1
ciMethod sun/util/calendar/BaseCalendar$Date setNormalizedYear (I)V 0 0 1 0 -1
ciMethod sun/util/calendar/BaseCalendar$Date hit (I)Z 4097 1 5409 0 0
ciMethod sun/util/calendar/BaseCalendar$Date hit (J)Z 4097 1 5409 0 0
ciMethod sun/util/calendar/BaseCalendar$Date getCachedYear ()I 1041 1 130 0 0
ciMethod sun/util/calendar/BaseCalendar$Date getCachedJan1 ()J 4097 1 5409 0 0
ciMethod sun/util/calendar/BaseCalendar$Date setCache (IJI)V 4097 1 5409 0 0
ciMethod sun/util/calendar/CalendarDate <init> (Ljava/util/TimeZone;)V 3073 1 5409 0 0
ciMethod sun/util/calendar/CalendarDate getEra ()Lsun/util/calendar/Era; 0 0 1 0 -1
ciMethod sun/util/calendar/CalendarDate getYear ()I 1057 1 132 0 0
ciMethod sun/util/calendar/CalendarDate setYear (I)Lsun/util/calendar/CalendarDate; 3073 1 5504 0 0
ciMethod sun/util/calendar/CalendarDate setLeapYear (Z)V 4097 1 10818 0 0
ciMethod sun/util/calendar/CalendarDate getMonth ()I 1033 1 129 0 0
ciMethod sun/util/calendar/CalendarDate setMonth (I)Lsun/util/calendar/CalendarDate; 3073 1 10818 0 0
ciMethod sun/util/calendar/CalendarDate getDayOfMonth ()I 1025 1 128 0 0
ciMethod sun/util/calendar/CalendarDate setDayOfMonth (I)Lsun/util/calendar/CalendarDate; 3073 1 10818 0 0
ciMethod sun/util/calendar/CalendarDate getHours ()I 1025 1 128 0 0
ciMethod sun/util/calendar/CalendarDate setHours (I)Lsun/util/calendar/CalendarDate; 3073 1 10818 0 0
ciMethod sun/util/calendar/CalendarDate getMinutes ()I 1025 1 128 0 0
ciMethod sun/util/calendar/CalendarDate setMinutes (I)Lsun/util/calendar/CalendarDate; 4097 1 10818 0 0
ciMethod sun/util/calendar/CalendarDate getSeconds ()I 1025 1 128 0 0
ciMethod sun/util/calendar/CalendarDate setSeconds (I)Lsun/util/calendar/CalendarDate; 4097 1 10818 0 0
ciMethod sun/util/calendar/CalendarDate getMillis ()I 1025 1 128 0 0
ciMethod sun/util/calendar/CalendarDate setMillis (I)Lsun/util/calendar/CalendarDate; 4097 1 10818 0 0
ciMethod sun/util/calendar/CalendarDate getTimeOfDay ()J 4097 1 5409 0 0
ciMethod sun/util/calendar/CalendarDate setTimeOfDay (IIII)Lsun/util/calendar/CalendarDate; 3065 1 5409 0 0
ciMethod sun/util/calendar/CalendarDate setTimeOfDay (J)V 3073 1 10645 0 0
ciMethod sun/util/calendar/CalendarDate isNormalized ()Z 1201 1 150 0 0
ciMethod sun/util/calendar/CalendarDate isStandardTime ()Z 1041 1 130 0 0
ciMethod sun/util/calendar/CalendarDate getZone ()Ljava/util/TimeZone; 1057 1 132 0 0
ciMethod sun/util/calendar/CalendarDate setZone (Ljava/util/TimeZone;)Lsun/util/calendar/CalendarDate; 0 0 1 0 -1
ciMethod sun/util/calendar/CalendarDate setDayOfWeek (I)V 4097 1 5409 0 0
ciMethod sun/util/calendar/CalendarDate setNormalized (Z)V 2065 1 15273 0 0
ciMethod sun/util/calendar/CalendarDate getZoneOffset ()I 0 0 1 0 -1
ciMethod sun/util/calendar/CalendarDate setZoneOffset (I)V 4097 1 5409 0 0
ciMethod sun/util/calendar/CalendarDate setDaylightSaving (I)V 4097 1 5409 0 0
ciMethod sun/util/calendar/CalendarUtils isGregorianLeapYear (I)Z 3073 1 18046 0 0
ciMethod sun/util/calendar/CalendarUtils floorDivide (JJ)J 0 0 1 0 -1
ciMethod sun/util/calendar/CalendarUtils floorDivide (II)I 0 0 1 0 -1
ciMethod sun/util/calendar/CalendarUtils mod (JJ)J 0 0 1 0 -1
ciMethod sun/util/calendar/CalendarUtils mod (II)I 0 0 1 0 -1
ciMethodData sun/util/calendar/CalendarDate setNormalized (Z)V 2 15273 orig 264 136 112 127 97 0 0 0 0 16 255 139 20 0 0 0 0 40 1 0 0 0 0 0 0 0 0 0 0 0 0 0 0 0 0 0 0 0 0 0 0 0 0 0 0 0 0 0 0 0 0 0 0 0 0 0 0 0 0 0 0 0 0 0 0 0 0 0 0 0 0 0 0 0 0 0 0 0 0 0 0 77 68 79 32 101 120 116 114 97 32 100 97 116 97 32 108 111 99 107 0 0 0 0 0 0 0 0 0 0 0 0 0 0 0 0 0 0 0 0 0 0 0 0 0 0 0 0 0 0 0 0 0 0 0 0 0 0 0 0 0 0 0 0 0 0 0 0 0 0 0 0 0 0 0 0 0 0 0 0 0 0 0 0 0 0 0 0 0 0 0 0 0 0 0 0 0 0 0 0 0 0 0 0 0 0 0 0 0 0 0 0 0 0 0 0 0 0 0 0 0 0 0 0 0 0 0 0 0 0 0 0 0 0 0 0 0 2 1 0 0 57 213 1 0 1 0 0 0 0 0 0 0 0 0 0 0 2 0 0 0 0 0 3 0 1 0 0 0 0 0 0 0 255 255 255 255 0 0 0 0 0 0 0 0 data 0 oops 0
ciMethodData sun/util/calendar/Gregorian$Date getNormalizedYear ()I 2 6788 orig 264 136 112 127 97 0 0 0 0 240 200 139 20 0 0 0 0 120 1 0 0 0 0 0 0 0 0 0 0 0 0 0 0 0 0 0 0 0 0 0 0 0 0 0 0 0 0 0 0 0 0 0 0 0 0 0 0 0 0 0 0 0 0 0 0 0 0 0 0 0 0 0 0 0 0 0 0 0 0 0 0 77 68 79 32 101 120 116 114 97 32 100 97 116 97 32 108 111 99 107 0 0 0 0 0 0 0 0 0 0 0 0 0 0 0 0 0 0 0 0 0 0 0 0 0 0 0 0 0 0 0 0 0 0 0 0 0 0 0 0 0 0 0 0 0 0 0 0 0 0 0 0 0 0 0 0 0 0 0 0 0 0 0 0 0 0 0 0 0 0 0 0 0 0 0 0 0 0 0 0 0 0 0 0 0 0 0 0 0 0 0 0 0 0 0 0 0 0 0 0 0 0 0 0 0 0 0 0 0 0 0 0 0 0 0 0 0 128 1 0 0 33 200 0 0 1 0 0 0 0 0 0 0 0 0 0 0 2 0 0 0 0 0 3 0 2 0 0 0 48 0 0 0 255 255 255 255 5 0 1 0 0 0 0 0 data 6 0x10005 0x0 0x175d02e0 0x1904 0x0 0x0 oops 1