#
# There is insufficient memory for the Java Runtime Environment to continue.
# Native memory allocation (malloc) failed to allocate 32744 bytes for ChunkPool::allocate
# Possible reasons:
#   The system is out of physical RAM or swap space
#   In 32 bit mode, the process size limit was hit
# Possible solutions:
#   Reduce memory load on the system
#   Increase physical memory or swap space
#   Check if swap backing store is full
#   Use 64 bit Java on a 64 bit OS
#   Decrease Java heap size (-Xmx/-Xms)
#   Decrease number of Java threads
#   Decrease Java thread stack sizes (-Xss)
#   Set larger code cache with -XX:ReservedCodeCacheSize=
# This output file may be truncated or incomplete.
#
#  Out of Memory Error (allocation.cpp:273), pid=13324, tid=8648
#
# JRE version: Java(TM) SE Runtime Environment (8.0_45-b15) (build 1.8.0_45-b15)
# Java VM: Java HotSpot(TM) 64-Bit Server VM (25.45-b02 mixed mode windows-amd64 compressed oops)
# Failed to write core dump. Minidumps are not enabled by default on client versions of Windows
#

---------------  T H R E A D  ---------------

Current thread (0x0000000014aa2000):  JavaThread "C2 CompilerThread0" daemon [_thread_in_native, id=8648, stack(0x00000000160f0000,0x00000000161f0000)]

Stack: [0x00000000160f0000,0x00000000161f0000]
Native frames: (J=compiled Java code, j=interpreted, Vv=VM code, C=native code)
V  [jvm.dll+0x32b57a]


Current CompileTask:
C2:   2157  988 %     4       org.objectweb.asm.ClassReader::a @ 1480 (3587 bytes)


---------------  P R O C E S S  ---------------

Java Threads: ( => current thread )
  0x0000000016428800 JavaThread "Service Thread" daemon [_thread_blocked, id=7084, stack(0x00000000167f0000,0x00000000168f0000)]
  0x0000000014aa7800 JavaThread "C1 CompilerThread2" daemon [_thread_blocked, id=8428, stack(0x00000000162f0000,0x00000000163f0000)]
  0x0000000014aa4800 JavaThread "C2 CompilerThread1" daemon [_thread_in_native, id=7736, stack(0x00000000161f0000,0x00000000162f0000)]
=>0x0000000014aa2000 JavaThread "C2 CompilerThread0" daemon [_thread_in_native, id=8648, stack(0x00000000160f0000,0x00000000161f0000)]
  0x0000000014aa0000 JavaThread "Attach Listener" daemon [_thread_blocked, id=2676, stack(0x0000000015ff0000,0x00000000160f0000)]
  0x0000000014a9f000 JavaThread "Signal Dispatcher" daemon [_thread_blocked, id=11432, stack(0x0000000015ef0000,0x0000000015ff0000)]
  0x0000000004739800 JavaThread "Finalizer" daemon [_thread_blocked, id=14764, stack(0x0000000015cf0000,0x0000000015df0000)]
  0x0000000004731000 JavaThread "Reference Handler" daemon [_thread_blocked, id=14816, stack(0x0000000015bf0000,0x0000000015cf0000)]
  0x0000000004643800 JavaThread "main" [_thread_blocked, id=12412, stack(0x0000000004540000,0x0000000004640000)]

Other Threads:
  0x0000000014a67800 VMThread [stack: 0x0000000015af0000,0x0000000015bf0000] [id=9832]
  0x0000000014afe000 WatcherThread [stack: 0x00000000168f0000,0x00000000169f0000] [id=14900]

VM state:not at safepoint (normal execution)

VM Mutex/Monitor currently owned by a thread: None

Heap:
 PSYoungGen      total 18944K, used 15217K [0x00000000feb00000, 0x0000000100000000, 0x0000000100000000)
  eden space 16384K, 77% used [0x00000000feb00000,0x00000000ff75d708,0x00000000ffb00000)
  from space 2560K, 99% used [0x00000000ffb00000,0x00000000ffd7f000,0x00000000ffd80000)
  to   space 2560K, 0% used [0x00000000ffd80000,0x00000000ffd80000,0x0000000100000000)
 ParOldGen       total 44032K, used 4245K [0x00000000fc000000, 0x00000000feb00000, 0x00000000feb00000)
  object space 44032K, 9% used [0x00000000fc000000,0x00000000fc425568,0x00000000feb00000)
 Metaspace       used 7752K, capacity 7934K, committed 8192K, reserved 1056768K
  class space    used 905K, capacity 987K, committed 1024K, reserved 1048576K

Card table byte_map: [0x0000000004480000,0x00000000044b0000] byte_map_base: 0x0000000003ca0000

Marking Bits: (ParMarkBitMap*) 0x0000000061654040
 Begin Bits: [0x0000000013f00000, 0x0000000014000000)
 End Bits:   [0x0000000014000000, 0x0000000014100000)

Polling page: 0x0000000004420000

CodeCache: size=245760Kb used=4516Kb max_used=4516Kb free=241243Kb
 bounds [0x0000000004740000, 0x0000000004bb0000, 0x0000000013740000]
 total_blobs=1561 nmethods=1233 adapters=241
 compilation: enabled

Compilation events (10 events):
Event: 2.120 Thread 0x0000000014aa7800 nmethod 1232 0x0000000004b9f850 code [0x0000000004b9fb40, 0x0000000004ba1288]
Event: 2.120 Thread 0x0000000014aa7800 1235       3       com.google.devtools.build.android.desugar.DefaultMethodClassFixer::defaultMethodsDefined (83 bytes)
Event: 2.120 Thread 0x0000000014aa4800 1237       4       org.objectweb.asm.MethodWriter::visitFieldInsn (256 bytes)
Event: 2.121 Thread 0x0000000014aa7800 nmethod 1235 0x0000000004ba1bd0 code [0x0000000004ba1de0, 0x0000000004ba2848]
Event: 2.121 Thread 0x0000000014aa7800 1233  s    3       java.util.zip.ZipOutputStream::write (175 bytes)
Event: 2.121 Thread 0x0000000014aa7800 nmethod 1233 0x0000000004ba2c90 code [0x0000000004ba2ec0, 0x0000000004ba3938]
Event: 2.121 Thread 0x0000000014aa7800 1234       3       java.util.zip.ZipOutputStream::closeEntry (507 bytes)
Event: 2.126 Thread 0x0000000014aa7800 nmethod 1234 0x0000000004ba3e90 code [0x0000000004ba45e0, 0x0000000004ba9a18]
Event: 2.126 Thread 0x0000000014aa7800 1236       3       com.google.devtools.build.android.desugar.DefaultMethodClassFixer::shouldStubAsDefaultMethod (46 bytes)
Event: 2.127 Thread 0x0000000014aa7800 nmethod 1236 0x0000000004babed0 code [0x0000000004bac100, 0x0000000004bace98]

GC Heap History (6 events):
Event: 0.815 GC heap before
{Heap before GC invocations=1 (full 0):
 PSYoungGen      total 18944K, used 16384K [0x00000000feb00000, 0x0000000100000000, 0x0000000100000000)
  eden space 16384K, 100% used [0x00000000feb00000,0x00000000ffb00000,0x00000000ffb00000)
  from space 2560K, 0% used [0x00000000ffd80000,0x00000000ffd80000,0x0000000100000000)
  to   space 2560K, 0% used [0x00000000ffb00000,0x00000000ffb00000,0x00000000ffd80000)
 ParOldGen       total 44032K, used 0K [0x00000000fc000000, 0x00000000feb00000, 0x00000000feb00000)
  object space 44032K, 0% used [0x00000000fc000000,0x00000000fc000000,0x00000000feb00000)
 Metaspace       used 6592K, capacity 6768K, committed 7040K, reserved 1056768K
  class space    used 788K, capacity 854K, committed 896K, reserved 1048576K
Event: 0.842 GC heap after
Heap after GC invocations=1 (full 0):
 PSYoungGen      total 18944K, used 2540K [0x00000000feb00000, 0x0000000100000000, 0x0000000100000000)
  eden space 16384K, 0% used [0x00000000feb00000,0x00000000feb00000,0x00000000ffb00000)
  from space 2560K, 99% used [0x00000000ffb00000,0x00000000ffd7b038,0x00000000ffd80000)
  to   space 2560K, 0% used [0x00000000ffd80000,0x00000000ffd80000,0x0000000100000000)
 ParOldGen       total 44032K, used 595K [0x00000000fc000000, 0x00000000feb00000, 0x00000000feb00000)
  object space 44032K, 1% used [0x00000000fc000000,0x00000000fc094da0,0x00000000feb00000)
 Metaspace       used 6592K, capacity 6768K, committed 7040K, reserved 1056768K
  class space    used 788K, capacity 854K, committed 896K, reserved 1048576K
}
Event: 1.253 GC heap before
{Heap before GC invocations=2 (full 0):
 PSYoungGen      total 18944K, used 18924K [0x00000000feb00000, 0x0000000100000000, 0x0000000100000000)
  eden space 16384K, 100% used [0x00000000feb00000,0x00000000ffb00000,0x00000000ffb00000)
  from space 2560K, 99% used [0x00000000ffb00000,0x00000000ffd7b038,0x00000000ffd80000)
  to   space 2560K, 0% used [0x00000000ffd80000,0x00000000ffd80000,0x0000000100000000)
 ParOldGen       total 44032K, used 595K [0x00000000fc000000, 0x00000000feb00000, 0x00000000feb00000)
  object space 44032K, 1% used [0x00000000fc000000,0x00000000fc094da0,0x00000000feb00000)
 Metaspace       used 7411K, capacity 7614K, committed 7680K, reserved 1056768K
  class space    used 898K, capacity 987K, committed 1024K, reserved 1048576K
Event: 1.260 GC heap after
Heap after GC invocations=2 (full 0):
 PSYoungGen      total 18944K, used 2555K [0x00000000feb00000, 0x0000000100000000, 0x0000000100000000)
  eden space 16384K, 0% used [0x00000000feb00000,0x00000000feb00000,0x00000000ffb00000)
  from space 2560K, 99% used [0x00000000ffd80000,0x00000000ffffefe0,0x0000000100000000)
  to   space 2560K, 0% used [0x00000000ffb00000,0x00000000ffb00000,0x00000000ffd80000)
 ParOldGen       total 44032K, used 4102K [0x00000000fc000000, 0x00000000feb00000, 0x00000000feb00000)
  object space 44032K, 9% used [0x00000000fc000000,0x00000000fc401ae8,0x00000000feb00000)
 Metaspace       used 7411K, capacity 7614K, committed 7680K, reserved 1056768K
  class space    used 898K, capacity 987K, committed 1024K, reserved 1048576K
}
Event: 1.866 GC heap before
{Heap before GC invocations=3 (full 0):
 PSYoungGen      total 18944K, used 18939K [0x00000000feb00000, 0x0000000100000000, 0x0000000100000000)
  eden space 16384K, 100% used [0x00000000feb00000,0x00000000ffb00000,0x00000000ffb00000)
  from space 2560K, 99% used [0x00000000ffd80000,0x00000000ffffefe0,0x0000000100000000)
  to   space 2560K, 0% used [0x00000000ffb00000,0x00000000ffb00000,0x00000000ffd80000)
 ParOldGen       total 44032K, used 4102K [0x00000000fc000000, 0x00000000feb00000, 0x00000000feb00000)
  object space 44032K, 9% used [0x00000000fc000000,0x00000000fc401ae8,0x00000000feb00000)
 Metaspace       used 7677K, capacity 7870K, committed 7936K, reserved 1056768K
  class space    used 905K, capacity 987K, committed 1024K, reserved 1048576K
Event: 1.870 GC heap after
Heap after GC invocations=3 (full 0):
 PSYoungGen      total 18944K, used 2556K [0x00000000feb00000, 0x0000000100000000, 0x0000000100000000)
  eden space 16384K, 0% used [0x00000000feb00000,0x00000000feb00000,0x00000000ffb00000)
  from space 2560K, 99% used [0x00000000ffb00000,0x00000000ffd7f000,0x00000000ffd80000)
  to   space 2560K, 0% used [0x00000000ffd80000,0x00000000ffd80000,0x0000000100000000)
 ParOldGen       total 44032K, used 4245K [0x00000000fc000000, 0x00000000feb00000, 0x00000000feb00000)
  object space 44032K, 9% used [0x00000000fc000000,0x00000000fc425568,0x00000000feb00000)
 Metaspace       used 7677K, capacity 7870K, committed 7936K, reserved 1056768K
  class space    used 905K, capacity 987K, committed 1024K, reserved 1048576K
}

Deoptimization events (10 events):
Event: 1.212 Thread 0x0000000004643800 Uncommon trap: reason=class_check action=maybe_recompile pc=0x00000000049c5e7c method=com.google.common.collect.TransformedIterator.next()Ljava/lang/Object; @ 5
Event: 1.212 Thread 0x0000000004643800 Uncommon trap: reason=class_check action=maybe_recompile pc=0x000000000499bbd0 method=com.google.common.collect.Iterators$7.transform(Ljava/lang/Object;)Ljava/lang/Object; @ 5
Event: 1.679 Thread 0x0000000004643800 Uncommon trap: reason=unstable_if action=reinterpret pc=0x0000000004a6155c method=org.objectweb.asm.ClassReader.readUTF8(I[C)Ljava/lang/String; @ 7
Event: 1.735 Thread 0x0000000004643800 Uncommon trap: reason=unstable_if action=reinterpret pc=0x0000000004a64314 method=org.objectweb.asm.Item.a(Lorg/objectweb/asm/Item;)Z @ 345
Event: 1.857 Thread 0x0000000004643800 Uncommon trap: reason=unstable_if action=reinterpret pc=0x0000000004b3a2f4 method=org.objectweb.asm.tree.MethodNode.getLabelNodes([Ljava/lang/Object;)[Ljava/lang/Object; @ 24
Event: 1.872 Thread 0x0000000004643800 Uncommon trap: reason=class_check action=maybe_recompile pc=0x0000000004af9948 method=org.objectweb.asm.tree.VarInsnNode.accept(Lorg/objectweb/asm/MethodVisitor;)V @ 9
Event: 1.872 Thread 0x0000000004643800 Uncommon trap: reason=class_check action=maybe_recompile pc=0x0000000004af9948 method=org.objectweb.asm.tree.VarInsnNode.accept(Lorg/objectweb/asm/MethodVisitor;)V @ 9
Event: 1.872 Thread 0x0000000004643800 Uncommon trap: reason=class_check action=maybe_recompile pc=0x0000000004af9948 method=org.objectweb.asm.tree.VarInsnNode.accept(Lorg/objectweb/asm/MethodVisitor;)V @ 9
Event: 1.872 Thread 0x0000000004643800 Uncommon trap: reason=class_check action=maybe_recompile pc=0x0000000004af9948 method=org.objectweb.asm.tree.VarInsnNode.accept(Lorg/objectweb/asm/MethodVisitor;)V @ 9
Event: 1.948 Thread 0x0000000004643800 Uncommon trap: reason=null_check action=make_not_entrant pc=0x0000000004b58bd8 method=com.google.devtools.build.android.desugar.InterfaceDesugaring$InterfaceInvocationRewriter.visitMethodInsn(ILjava/lang/String;Ljava/lang/String;Ljava/lang/String;Z)V @ 10

Internal exceptions (10 events):
Event: 1.142 Thread 0x0000000004643800 Exception <a 'sun/nio/fs/WindowsException'> (0x00000000ff92fb78) thrown at [C:\re\workspace\8-2-build-windows-amd64-cygwin\jdk8u45\3627\hotspot\src\share\vm\prims\jni.cpp, line 709]
Event: 1.545 Thread 0x0000000004643800 Exception <a 'sun/nio/fs/WindowsException'> (0x00000000feb74430) thrown at [C:\re\workspace\8-2-build-windows-amd64-cygwin\jdk8u45\3627\hotspot\src\share\vm\prims\jni.cpp, line 709]
Event: 1.553 Thread 0x0000000004643800 Exception <a 'sun/nio/fs/WindowsException'> (0x00000000feb748a8) thrown at [C:\re\workspace\8-2-build-windows-amd64-cygwin\jdk8u45\3627\hotspot\src\share\vm\prims\jni.cpp, line 709]
Event: 1.656 Thread 0x0000000004643800 Exception <a 'sun/nio/fs/WindowsException'> (0x00000000fed384a8) thrown at [C:\re\workspace\8-2-build-windows-amd64-cygwin\jdk8u45\3627\hotspot\src\share\vm\prims\jni.cpp, line 709]
Event: 1.657 Thread 0x0000000004643800 Exception <a 'sun/nio/fs/WindowsException'> (0x00000000fed38920) thrown at [C:\re\workspace\8-2-build-windows-amd64-cygwin\jdk8u45\3627\hotspot\src\share\vm\prims\jni.cpp, line 709]
Event: 1.831 Thread 0x0000000004643800 Exception <a 'sun/nio/fs/WindowsException'> (0x00000000ff656d30) thrown at [C:\re\workspace\8-2-build-windows-amd64-cygwin\jdk8u45\3627\hotspot\src\share\vm\prims\jni.cpp, line 709]
Event: 1.831 Thread 0x0000000004643800 Exception <a 'sun/nio/fs/WindowsException'> (0x00000000ff6571a8) thrown at [C:\re\workspace\8-2-build-windows-amd64-cygwin\jdk8u45\3627\hotspot\src\share\vm\prims\jni.cpp, line 709]
Event: 1.948 Thread 0x0000000004643800 Implicit null exception at 0x0000000004b57974 to 0x0000000004b58bb1
Event: 2.041 Thread 0x0000000004643800 Exception <a 'sun/nio/fs/WindowsException'> (0x00000000ff62a8b0) thrown at [C:\re\workspace\8-2-build-windows-amd64-cygwin\jdk8u45\3627\hotspot\src\share\vm\prims\jni.cpp, line 709]
Event: 2.041 Thread 0x0000000004643800 Exception <a 'sun/nio/fs/WindowsException'> (0x00000000ff62ad28) thrown at [C:\re\workspace\8-2-build-windows-amd64-cygwin\jdk8u45\3627\hotspot\src\share\vm\prims\jni.cpp, line 709]

Events (10 events):
Event: 1.872 Thread 0x0000000004643800 DEOPT UNPACKING pc=0x000000000478582a sp=0x000000000463ee28 mode 2
Event: 1.948 Thread 0x0000000004643800 Uncommon trap: trap_request=0xfffffff4 fr.pc=0x0000000004b58bd8
Event: 1.948 Thread 0x0000000004643800 DEOPT PACKING pc=0x0000000004b58bd8 sp=0x000000000463ef00
Event: 1.948 Thread 0x0000000004643800 DEOPT UNPACKING pc=0x000000000478582a sp=0x000000000463ee50 mode 2
Event: 1.966 Thread 0x0000000004643800 DEOPT PACKING pc=0x0000000004b01006 sp=0x000000000463ef80
Event: 1.966 Thread 0x0000000004643800 DEOPT UNPACKING pc=0x000000000478787f sp=0x000000000463ed60 mode 0
Event: 1.998 Thread 0x0000000004643800 DEOPT PACKING pc=0x0000000004aa03f0 sp=0x000000000463ef30
Event: 1.998 Thread 0x0000000004643800 DEOPT UNPACKING pc=0x000000000478787f sp=0x000000000463ec58 mode 0
Event: 2.019 Thread 0x0000000004643800 DEOPT PACKING pc=0x0000000004aa03f0 sp=0x000000000463ef30
Event: 2.019 Thread 0x0000000004643800 DEOPT UNPACKING pc=0x000000000478787f sp=0x000000000463ec58 mode 0


Dynamic libraries:
0x00007ff6b6ac0000 - 0x00007ff6b6af7000 	C:\Program Files\Java\jdk1.8.0_45\bin\java.exe
0x00007ffb80ce0000 - 0x00007ffb80ec0000 	C:\WINDOWS\SYSTEM32\ntdll.dll
0x00007ffb7ed20000 - 0x00007ffb7edce000 	C:\WINDOWS\System32\KERNEL32.DLL
0x00007ffb7da70000 - 0x00007ffb7dcd6000 	C:\WINDOWS\System32\KERNELBASE.dll
0x00007ffb7eab0000 - 0x00007ffb7eb51000 	C:\WINDOWS\System32\ADVAPI32.dll
0x00007ffb7ec80000 - 0x00007ffb7ed1d000 	C:\WINDOWS\System32\msvcrt.dll
0x00007ffb7e1b0000 - 0x00007ffb7e20b000 	C:\WINDOWS\System32\sechost.dll
0x00007ffb7eb60000 - 0x00007ffb7ec7f000 	C:\WINDOWS\System32\RPCRT4.dll
0x00007ffb7f100000 - 0x00007ffb7f28f000 	C:\WINDOWS\System32\USER32.dll
0x00007ffb7e0e0000 - 0x00007ffb7e100000 	C:\WINDOWS\System32\win32u.dll
0x00007ffb80c80000 - 0x00007ffb80ca8000 	C:\WINDOWS\System32\GDI32.dll
0x00007ffb7d8d0000 - 0x00007ffb7da63000 	C:\WINDOWS\System32\gdi32full.dll
0x00007ffb7d830000 - 0x00007ffb7d8cb000 	C:\WINDOWS\System32\msvcp_win.dll
0x00007ffb7de10000 - 0x00007ffb7df06000 	C:\WINDOWS\System32\ucrtbase.dll
0x00007ffb5a670000 - 0x00007ffb5a8d9000 	C:\WINDOWS\WinSxS\amd64_microsoft.windows.common-controls_6595b64144ccf1df_6.0.16299.192_none_15c8cdae9364c23b\COMCTL32.dll
0x00007ffb7f530000 - 0x00007ffb7f838000 	C:\WINDOWS\System32\combase.dll
0x00007ffb7dce0000 - 0x00007ffb7dd52000 	C:\WINDOWS\System32\bcryptPrimitives.dll
0x00007ffb7efe0000 - 0x00007ffb7f00d000 	C:\WINDOWS\System32\IMM32.DLL
0x00000000616e0000 - 0x00000000617b2000 	C:\Program Files\Java\jdk1.8.0_45\jre\bin\msvcr100.dll
0x0000000060e50000 - 0x00000000616d3000 	C:\Program Files\Java\jdk1.8.0_45\jre\bin\server\jvm.dll
0x00007ffb7efd0000 - 0x00007ffb7efd8000 	C:\WINDOWS\System32\PSAPI.DLL
0x00007ffb58e20000 - 0x00007ffb58e29000 	C:\WINDOWS\SYSTEM32\WSOCK32.dll
0x00007ffb76ba0000 - 0x00007ffb76bc3000 	C:\WINDOWS\SYSTEM32\WINMM.dll
0x00007ffb6e340000 - 0x00007ffb6e34a000 	C:\WINDOWS\SYSTEM32\VERSION.dll
0x00007ffb7f2a0000 - 0x00007ffb7f30c000 	C:\WINDOWS\System32\WS2_32.dll
0x00007ffb76b70000 - 0x00007ffb76b9a000 	C:\WINDOWS\SYSTEM32\WINMMBASE.dll
0x00007ffb7e100000 - 0x00007ffb7e14a000 	C:\WINDOWS\System32\cfgmgr32.dll
0x00000000643a0000 - 0x00000000643af000 	C:\Program Files\Java\jdk1.8.0_45\jre\bin\verify.dll
0x0000000064370000 - 0x0000000064399000 	C:\Program Files\Java\jdk1.8.0_45\jre\bin\java.dll
0x0000000064350000 - 0x0000000064366000 	C:\Program Files\Java\jdk1.8.0_45\jre\bin\zip.dll
0x00007ffb7f840000 - 0x00007ffb80c76000 	C:\WINDOWS\System32\SHELL32.dll
0x00007ffb7e700000 - 0x00007ffb7e7a6000 	C:\WINDOWS\System32\shcore.dll
0x00007ffb7d0e0000 - 0x00007ffb7d827000 	C:\WINDOWS\System32\windows.storage.dll
0x00007ffb7f010000 - 0x00007ffb7f061000 	C:\WINDOWS\System32\shlwapi.dll
0x00007ffb7d080000 - 0x00007ffb7d091000 	C:\WINDOWS\System32\kernel.appcore.dll
0x00007ffb7d030000 - 0x00007ffb7d07c000 	C:\WINDOWS\System32\powrprof.dll
0x00007ffb7d0a0000 - 0x00007ffb7d0bb000 	C:\WINDOWS\System32\profapi.dll
0x00007ffb7ca80000 - 0x00007ffb7ca97000 	C:\WINDOWS\SYSTEM32\CRYPTSP.dll
0x00007ffb7c4d0000 - 0x00007ffb7c503000 	C:\WINDOWS\system32\rsaenh.dll
0x00007ffb7cb90000 - 0x00007ffb7cbb5000 	C:\WINDOWS\SYSTEM32\bcrypt.dll
0x00007ffb7cf60000 - 0x00007ffb7cf89000 	C:\WINDOWS\SYSTEM32\USERENV.dll
0x00007ffb7caa0000 - 0x00007ffb7caab000 	C:\WINDOWS\SYSTEM32\CRYPTBASE.dll
0x0000000064330000 - 0x000000006434a000 	C:\Program Files\Java\jdk1.8.0_45\jre\bin\net.dll
0x00007ffb7c8c0000 - 0x00007ffb7c926000 	C:\WINDOWS\system32\mswsock.dll
0x00007ffb7c650000 - 0x00007ffb7c689000 	C:\WINDOWS\SYSTEM32\IPHLPAPI.DLL
0x00007ffb7f070000 - 0x00007ffb7f078000 	C:\WINDOWS\System32\NSI.dll
0x00007ffb73e30000 - 0x00007ffb73e46000 	C:\WINDOWS\SYSTEM32\dhcpcsvc6.DLL
0x00007ffb74a60000 - 0x00007ffb74a7a000 	C:\WINDOWS\SYSTEM32\dhcpcsvc.DLL
0x0000000064310000 - 0x0000000064321000 	C:\Program Files\Java\jdk1.8.0_45\jre\bin\nio.dll

VM Arguments:
jvm_args: -Djava.awt.headless=true -Xmx64M -Dfile.encoding=windows-1252 -Duser.country=US -Duser.language=en -Duser.variant 
java_command: com.google.devtools.build.android.desugar.Desugar --input C:\Users\Lenovo\AndroidStudioProjects\newproject\app\build\intermediates\transforms\stackFramesFixer\debug\13.jar --output C:\Users\Lenovo\AndroidStudioProjects\newproject\app\build\intermediates\transforms\desugar\debug\14.jar --input C:\Users\Lenovo\AndroidStudioProjects\newproject\app\build\intermediates\transforms\stackFramesFixer\debug\7.jar --output C:\Users\Lenovo\AndroidStudioProjects\newproject\app\build\intermediates\transforms\desugar\debug\8.jar --input C:\Users\Lenovo\AndroidStudioProjects\newproject\app\build\intermediates\transforms\stackFramesFixer\debug\9.jar --output C:\Users\Lenovo\AndroidStudioProjects\newproject\app\build\intermediates\transforms\desugar\debug\10.jar --input C:\Users\Lenovo\AndroidStudioProjects\newproject\app\build\intermediates\transforms\stackFramesFixer\debug\8.jar --output C:\Users\Lenovo\AndroidStudioProjects\newproject\app\build\intermediates\transforms\desugar\debug\9.jar --input C:\Users\Lenovo\AndroidStudioProjects\newproject\app\build\intermediates\transforms\stackFramesFixer\debug\3.jar --output C:\Users\Lenovo\AndroidStudioProjects\newproject\app\build\intermediates\transforms\desugar\debug\4.jar --classpath_entry C:\Users\Lenovo\AndroidStudioProjects\newproject\app\build\intermediates\classes\debug --classpath_entry C:\Users\Lenovo\AndroidStudioProjects\newproject\app\build\intermediates\transforms\stackFramesFixer\debug\0.jar --classpath_entry C:\Users\Lenovo\AndroidStudioProjects\newproject\app\build\intermediates\transforms\stackFramesFixer\debug\1.jar --classpath_entry C:\Users\Lenovo\AndroidStudioProjects\newproject\app\build\intermediates\transforms\stackFramesFixer\debug\2.jar --classpath_entry C:\Users\Lenovo\AndroidStudioProjects\newproject\app\build\intermediates\transforms\stackFramesFixer\debug\3.jar --classpath_entry C:\Users\Lenovo\AndroidStudioProjects\newproject\app\build\intermediates\transforms\stackFramesFixer\debug\4.jar -
java_class_path (initial): C:\Users\Lenovo\AppData\Local\Temp\desugar_deploy.jar5034676457427386932
Launcher Type: SUN_STANDARD

Environment Variables:
JAVA_HOME=C:\Program Files\Java\jdk1.8.0_45
USERNAME=Lenovo
OS=Windows_NT
PROCESSOR_IDENTIFIER=Intel64 Family 6 Model 69 Stepping 1, GenuineIntel



---------------  S Y S T E M  ---------------

OS: Windows 10.0 , 64 bit Build 16299 (10.0.16299.15)

CPU:total 4 (2 cores per cpu, 2 threads per core) family 6 model 69 stepping 1, cmov, cx8, fxsr, mmx, sse, sse2, sse3, ssse3, sse4.1, sse4.2, popcnt, avx, avx2, aes, clmul, erms, lzcnt, ht, tsc, tscinvbit, bmi1, bmi2

Memory: 4k page, physical 6181144k(717040k free), swap 9457940k(3240k free)

vm_info: Java HotSpot(TM) 64-Bit Server VM (25.45-b02) for windows-amd64 JRE (1.8.0_45-b15), built on Apr 30 2015 12:40:44 by "java_re" with MS VC++ 10.0 (VS2010)

time: Sun Feb 11 09:54:56 2018
elapsed time: 2 seconds (0d 0h 0m 2s)

