#
# There is insufficient memory for the Java Runtime Environment to continue.
# Native memory allocation (malloc) failed to allocate 32784 bytes for Chunk::new
# Possible reasons:
#   The system is out of physical RAM or swap space
#   In 32 bit mode, the process size limit was hit
# Possible solutions:
#   Reduce memory load on the system
#   Increase physical memory or swap space
#   Check if swap backing store is full
#   Use 64 bit Java on a 64 bit OS
#   Decrease Java heap size (-Xmx/-Xms)
#   Decrease number of Java threads
#   Decrease Java thread stack sizes (-Xss)
#   Set larger code cache with -XX:ReservedCodeCacheSize=
# This output file may be truncated or incomplete.
#
#  Out of Memory Error (allocation.cpp:390), pid=11700, tid=14076
#
# JRE version: Java(TM) SE Runtime Environment (8.0_45-b15) (build 1.8.0_45-b15)
# Java VM: Java HotSpot(TM) 64-Bit Server VM (25.45-b02 mixed mode windows-amd64 compressed oops)
# Failed to write core dump. Minidumps are not enabled by default on client versions of Windows
#

---------------  T H R E A D  ---------------

Current thread (0x0000000014ecf000):  JavaThread "C2 CompilerThread0" daemon [_thread_in_native, id=14076, stack(0x0000000016520000,0x0000000016620000)]

Stack: [0x0000000016520000,0x0000000016620000]
Native frames: (J=compiled Java code, j=interpreted, Vv=VM code, C=native code)
V  [jvm.dll+0x32b57a]
V  [jvm.dll+0x279873]
V  [jvm.dll+0x27a509]
V  [jvm.dll+0x271825]
V  [jvm.dll+0xcb9e2]
V  [jvm.dll+0xcbeac]
V  [jvm.dll+0x5011a5]
V  [jvm.dll+0x5016ff]
V  [jvm.dll+0x46c74d]
V  [jvm.dll+0x4500f2]
V  [jvm.dll+0xa4352]
V  [jvm.dll+0xa4c8f]
V  [jvm.dll+0x241984]
V  [jvm.dll+0x29853a]
C  [msvcr100.dll+0x21d9f]
C  [msvcr100.dll+0x21e3b]
C  [KERNEL32.DLL+0x11fe4]
C  [ntdll.dll+0x6efb1]


Current CompileTask:
C2:   1367  592       4       sun.nio.cs.UTF_8$Decoder::decode (779 bytes)


---------------  P R O C E S S  ---------------

Java Threads: ( => current thread )
  0x0000000016856800 JavaThread "Service Thread" daemon [_thread_blocked, id=7624, stack(0x0000000016c20000,0x0000000016d20000)]
  0x0000000014ec7000 JavaThread "C1 CompilerThread2" daemon [_thread_blocked, id=5684, stack(0x0000000016720000,0x0000000016820000)]
  0x0000000014ec0800 JavaThread "C2 CompilerThread1" daemon [_thread_in_native, id=12876, stack(0x0000000016620000,0x0000000016720000)]
=>0x0000000014ecf000 JavaThread "C2 CompilerThread0" daemon [_thread_in_native, id=14076, stack(0x0000000016520000,0x0000000016620000)]
  0x0000000014ecc800 JavaThread "Attach Listener" daemon [_thread_blocked, id=6436, stack(0x0000000016420000,0x0000000016520000)]
  0x0000000014ecb800 JavaThread "Signal Dispatcher" daemon [_thread_blocked, id=10736, stack(0x0000000016320000,0x0000000016420000)]
  0x0000000004b5a000 JavaThread "Finalizer" daemon [_thread_blocked, id=13500, stack(0x0000000016120000,0x0000000016220000)]
  0x0000000004b51000 JavaThread "Reference Handler" daemon [_thread_blocked, id=6660, stack(0x0000000016020000,0x0000000016120000)]
  0x0000000004a63800 JavaThread "main" [_thread_in_Java, id=15476, stack(0x00000000048f0000,0x00000000049f0000)]

Other Threads:
  0x0000000014e88000 VMThread [stack: 0x0000000015f20000,0x0000000016020000] [id=11176]
  0x0000000016857000 WatcherThread [stack: 0x0000000016d20000,0x0000000016e20000] [id=10884]

VM state:not at safepoint (normal execution)

VM Mutex/Monitor currently owned by a thread: None

Heap:
 PSYoungGen      total 18944K, used 13010K [0x00000000feb00000, 0x0000000100000000, 0x0000000100000000)
  eden space 16384K, 79% used [0x00000000feb00000,0x00000000ff7b4af8,0x00000000ffb00000)
  from space 2560K, 0% used [0x00000000ffd80000,0x00000000ffd80000,0x0000000100000000)
  to   space 2560K, 0% used [0x00000000ffb00000,0x00000000ffb00000,0x00000000ffd80000)
 ParOldGen       total 44032K, used 0K [0x00000000fc000000, 0x00000000feb00000, 0x00000000feb00000)
  object space 44032K, 0% used [0x00000000fc000000,0x00000000fc000000,0x00000000feb00000)
 Metaspace       used 6596K, capacity 6776K, committed 7040K, reserved 1056768K
  class space    used 788K, capacity 854K, committed 896K, reserved 1048576K

Card table byte_map: [0x0000000003080000,0x00000000030b0000] byte_map_base: 0x00000000028a0000

Marking Bits: (ParMarkBitMap*) 0x0000000064d64040
 Begin Bits: [0x0000000014320000, 0x0000000014420000)
 End Bits:   [0x0000000014420000, 0x0000000014520000)

Polling page: 0x0000000003050000

CodeCache: size=245760Kb used=2427Kb max_used=2439Kb free=243332Kb
 bounds [0x0000000004b60000, 0x0000000004dd0000, 0x0000000013b60000]
 total_blobs=945 nmethods=621 adapters=237
 compilation: enabled

Compilation events (10 events):
Event: 1.191 Thread 0x0000000014ec7000  587       3       sun.util.calendar.BaseCalendar$Date::hit (24 bytes)
Event: 1.191 Thread 0x0000000014ec7000 nmethod 587 0x0000000004daca10 code [0x0000000004dacb60, 0x0000000004dacd50]
Event: 1.191 Thread 0x0000000014ec7000  588       3       sun.util.calendar.BaseCalendar$Date::getCachedJan1 (5 bytes)
Event: 1.191 Thread 0x0000000014ec7000 nmethod 588 0x0000000004dacdd0 code [0x0000000004dacf20, 0x0000000004dad070]
Event: 1.191 Thread 0x0000000014ec7000  589       3       sun.util.calendar.BaseCalendar::getDayOfWeekFromFixedDate (26 bytes)
Event: 1.192 Thread 0x0000000014ec7000 nmethod 589 0x0000000004dad0d0 code [0x0000000004dad240, 0x0000000004dad5d0]
Event: 1.192 Thread 0x0000000014ec7000  590       3       sun.util.calendar.CalendarDate::setDayOfWeek (6 bytes)
Event: 1.192 Thread 0x0000000014ec7000 nmethod 590 0x0000000004dad750 code [0x0000000004dad8a0, 0x0000000004dad9f0]
Event: 1.192 Thread 0x0000000014ec7000  591       3       sun.util.calendar.AbstractCalendar::setTimeOfDay (116 bytes)
Event: 1.200 Thread 0x0000000014ec7000 nmethod 591 0x0000000004dada50 code [0x0000000004dadc00, 0x0000000004dae688]

GC Heap History (0 events):
No events

Deoptimization events (2 events):
Event: 0.740 Thread 0x0000000004a63800 Uncommon trap: reason=range_check action=make_not_entrant pc=0x0000000004ceb220 method=sun.reflect.generics.parser.SignatureParser.current()C @ 34
Event: 1.104 Thread 0x0000000004a63800 Uncommon trap: reason=unstable_if action=reinterpret pc=0x0000000004cf2ea8 method=java.lang.String.startsWith(Ljava/lang/String;I)Z @ 25

Internal exceptions (10 events):
Event: 1.011 Thread 0x0000000004a63800 Exception <a 'sun/nio/fs/WindowsException'> (0x00000000ff329c68) thrown at [C:\re\workspace\8-2-build-windows-amd64-cygwin\jdk8u45\3627\hotspot\src\share\vm\prims\jni.cpp, line 709]
Event: 1.011 Thread 0x0000000004a63800 Exception <a 'sun/nio/fs/WindowsException'> (0x00000000ff32a2a8) thrown at [C:\re\workspace\8-2-build-windows-amd64-cygwin\jdk8u45\3627\hotspot\src\share\vm\prims\jni.cpp, line 709]
Event: 1.011 Thread 0x0000000004a63800 Exception <a 'sun/nio/fs/WindowsException'> (0x00000000ff32a9b0) thrown at [C:\re\workspace\8-2-build-windows-amd64-cygwin\jdk8u45\3627\hotspot\src\share\vm\prims\jni.cpp, line 709]
Event: 1.012 Thread 0x0000000004a63800 Exception <a 'sun/nio/fs/WindowsException'> (0x00000000ff32afa8) thrown at [C:\re\workspace\8-2-build-windows-amd64-cygwin\jdk8u45\3627\hotspot\src\share\vm\prims\jni.cpp, line 709]
Event: 1.012 Thread 0x0000000004a63800 Exception <a 'sun/nio/fs/WindowsException'> (0x00000000ff32b680) thrown at [C:\re\workspace\8-2-build-windows-amd64-cygwin\jdk8u45\3627\hotspot\src\share\vm\prims\jni.cpp, line 709]
Event: 1.012 Thread 0x0000000004a63800 Exception <a 'sun/nio/fs/WindowsException'> (0x00000000ff32bc20) thrown at [C:\re\workspace\8-2-build-windows-amd64-cygwin\jdk8u45\3627\hotspot\src\share\vm\prims\jni.cpp, line 709]
Event: 1.012 Thread 0x0000000004a63800 Exception <a 'sun/nio/fs/WindowsException'> (0x00000000ff32c2e8) thrown at [C:\re\workspace\8-2-build-windows-amd64-cygwin\jdk8u45\3627\hotspot\src\share\vm\prims\jni.cpp, line 709]
Event: 1.012 Thread 0x0000000004a63800 Exception <a 'sun/nio/fs/WindowsException'> (0x00000000ff32c840) thrown at [C:\re\workspace\8-2-build-windows-amd64-cygwin\jdk8u45\3627\hotspot\src\share\vm\prims\jni.cpp, line 709]
Event: 1.012 Thread 0x0000000004a63800 Exception <a 'sun/nio/fs/WindowsException'> (0x00000000ff32cef8) thrown at [C:\re\workspace\8-2-build-windows-amd64-cygwin\jdk8u45\3627\hotspot\src\share\vm\prims\jni.cpp, line 709]
Event: 1.064 Thread 0x0000000004a63800 Exception <a 'sun/nio/fs/WindowsException'> (0x00000000ff359dd0) thrown at [C:\re\workspace\8-2-build-windows-amd64-cygwin\jdk8u45\3627\hotspot\src\share\vm\prims\jni.cpp, line 709]

Events (10 events):
Event: 1.102 loading class com/google/common/base/Functions done
Event: 1.103 loading class com/google/common/base/Functions$ToStringFunction
Event: 1.103 loading class com/google/common/base/Functions$ToStringFunction done
Event: 1.103 loading class com/google/common/collect/Iterators$7
Event: 1.103 loading class com/google/common/collect/Iterators$7 done
Event: 1.103 loading class com/google/common/collect/TransformedIterator
Event: 1.103 loading class com/google/common/collect/TransformedIterator done
Event: 1.104 Thread 0x0000000004a63800 Uncommon trap: trap_request=0xffffff65 fr.pc=0x0000000004cf2ea8
Event: 1.104 Thread 0x0000000004a63800 DEOPT PACKING pc=0x0000000004cf2ea8 sp=0x00000000049ef540
Event: 1.104 Thread 0x0000000004a63800 DEOPT UNPACKING pc=0x0000000004ba582a sp=0x00000000049ef4b8 mode 2


Dynamic libraries:
0x00007ff635ca0000 - 0x00007ff635cd7000 	C:\Program Files\Java\jdk1.8.0_45\bin\java.exe
0x00007ffc631c0000 - 0x00007ffc633a0000 	C:\WINDOWS\SYSTEM32\ntdll.dll
0x00007ffc62ed0000 - 0x00007ffc62f7e000 	C:\WINDOWS\System32\KERNEL32.DLL
0x00007ffc5fb20000 - 0x00007ffc5fd86000 	C:\WINDOWS\System32\KERNELBASE.dll
0x00007ffc627c0000 - 0x00007ffc62861000 	C:\WINDOWS\System32\ADVAPI32.dll
0x00007ffc608e0000 - 0x00007ffc6097d000 	C:\WINDOWS\System32\msvcrt.dll
0x00007ffc60ae0000 - 0x00007ffc60b3b000 	C:\WINDOWS\System32\sechost.dll
0x00007ffc60690000 - 0x00007ffc607af000 	C:\WINDOWS\System32\RPCRT4.dll
0x00007ffc628e0000 - 0x00007ffc62a6f000 	C:\WINDOWS\System32\USER32.dll
0x00007ffc5f930000 - 0x00007ffc5f950000 	C:\WINDOWS\System32\win32u.dll
0x00007ffc62340000 - 0x00007ffc62368000 	C:\WINDOWS\System32\GDI32.dll
0x00007ffc5f790000 - 0x00007ffc5f923000 	C:\WINDOWS\System32\gdi32full.dll
0x00007ffc5fdf0000 - 0x00007ffc5fe8b000 	C:\WINDOWS\System32\msvcp_win.dll
0x00007ffc5f690000 - 0x00007ffc5f786000 	C:\WINDOWS\System32\ucrtbase.dll
0x00007ffc38d60000 - 0x00007ffc38fc9000 	C:\WINDOWS\WinSxS\amd64_microsoft.windows.common-controls_6595b64144ccf1df_6.0.16299.192_none_15c8cdae9364c23b\COMCTL32.dll
0x00007ffc624b0000 - 0x00007ffc627b8000 	C:\WINDOWS\System32\combase.dll
0x00007ffc5f5c0000 - 0x00007ffc5f632000 	C:\WINDOWS\System32\bcryptPrimitives.dll
0x00007ffc62480000 - 0x00007ffc624ad000 	C:\WINDOWS\System32\IMM32.DLL
0x0000000067670000 - 0x0000000067742000 	C:\Program Files\Java\jdk1.8.0_45\jre\bin\msvcr100.dll
0x0000000064560000 - 0x0000000064de3000 	C:\Program Files\Java\jdk1.8.0_45\jre\bin\server\jvm.dll
0x00007ffc62ec0000 - 0x00007ffc62ec8000 	C:\WINDOWS\System32\PSAPI.DLL
0x00007ffc59950000 - 0x00007ffc59959000 	C:\WINDOWS\SYSTEM32\WSOCK32.dll
0x00007ffc62f80000 - 0x00007ffc62fec000 	C:\WINDOWS\System32\WS2_32.dll
0x00007ffc546f0000 - 0x00007ffc54713000 	C:\WINDOWS\SYSTEM32\WINMM.dll
0x00007ffc54720000 - 0x00007ffc5472a000 	C:\WINDOWS\SYSTEM32\VERSION.dll
0x00007ffc546c0000 - 0x00007ffc546ea000 	C:\WINDOWS\SYSTEM32\winmmbase.dll
0x00007ffc5f640000 - 0x00007ffc5f68a000 	C:\WINDOWS\System32\cfgmgr32.dll
0x0000000067660000 - 0x000000006766f000 	C:\Program Files\Java\jdk1.8.0_45\jre\bin\verify.dll
0x0000000067630000 - 0x0000000067659000 	C:\Program Files\Java\jdk1.8.0_45\jre\bin\java.dll
0x0000000067610000 - 0x0000000067626000 	C:\Program Files\Java\jdk1.8.0_45\jre\bin\zip.dll
0x00007ffc60f00000 - 0x00007ffc62336000 	C:\WINDOWS\System32\SHELL32.dll
0x00007ffc60830000 - 0x00007ffc608d6000 	C:\WINDOWS\System32\shcore.dll
0x00007ffc5ff40000 - 0x00007ffc60687000 	C:\WINDOWS\System32\windows.storage.dll
0x00007ffc60e00000 - 0x00007ffc60e51000 	C:\WINDOWS\System32\shlwapi.dll
0x00007ffc5f5a0000 - 0x00007ffc5f5b1000 	C:\WINDOWS\System32\kernel.appcore.dll
0x00007ffc5f550000 - 0x00007ffc5f59c000 	C:\WINDOWS\System32\powrprof.dll
0x00007ffc5f510000 - 0x00007ffc5f52b000 	C:\WINDOWS\System32\profapi.dll
0x00007ffc5ef60000 - 0x00007ffc5ef77000 	C:\WINDOWS\SYSTEM32\CRYPTSP.dll
0x00007ffc5e9b0000 - 0x00007ffc5e9e3000 	C:\WINDOWS\system32\rsaenh.dll
0x00007ffc5f070000 - 0x00007ffc5f095000 	C:\WINDOWS\SYSTEM32\bcrypt.dll
0x00007ffc5f440000 - 0x00007ffc5f469000 	C:\WINDOWS\SYSTEM32\USERENV.dll
0x00007ffc5ef80000 - 0x00007ffc5ef8b000 	C:\WINDOWS\SYSTEM32\CRYPTBASE.dll
0x00000000675f0000 - 0x000000006760a000 	C:\Program Files\Java\jdk1.8.0_45\jre\bin\net.dll
0x00007ffc5eda0000 - 0x00007ffc5ee06000 	C:\WINDOWS\system32\mswsock.dll
0x00007ffc5eb30000 - 0x00007ffc5eb69000 	C:\WINDOWS\SYSTEM32\IPHLPAPI.DLL
0x00007ffc60980000 - 0x00007ffc60988000 	C:\WINDOWS\System32\NSI.dll
0x00007ffc5b8a0000 - 0x00007ffc5b8b6000 	C:\WINDOWS\SYSTEM32\dhcpcsvc6.DLL
0x00007ffc5b8e0000 - 0x00007ffc5b8fa000 	C:\WINDOWS\SYSTEM32\dhcpcsvc.DLL
0x0000000066e60000 - 0x0000000066e71000 	C:\Program Files\Java\jdk1.8.0_45\jre\bin\nio.dll
0x00007ffc53d50000 - 0x00007ffc53f18000 	C:\WINDOWS\SYSTEM32\dbghelp.dll

VM Arguments:
jvm_args: -Djava.awt.headless=true -Xmx64M -Dfile.encoding=windows-1252 -Duser.country=US -Duser.language=en -Duser.variant 
java_command: com.google.devtools.build.android.desugar.Desugar --input C:\Users\Lenovo\AndroidStudioProjects\newproject\app\build\intermediates\transforms\stackFramesFixer\debug\13.jar --output C:\Users\Lenovo\AndroidStudioProjects\newproject\app\build\intermediates\transforms\desugar\debug\14.jar --input C:\Users\Lenovo\AndroidStudioProjects\newproject\app\build\intermediates\transforms\stackFramesFixer\debug\15.jar --output C:\Users\Lenovo\AndroidStudioProjects\newproject\app\build\intermediates\transforms\desugar\debug\16.jar --input C:\Users\Lenovo\AndroidStudioProjects\newproject\app\build\intermediates\transforms\stackFramesFixer\debug\11.jar --output C:\Users\Lenovo\AndroidStudioProjects\newproject\app\build\intermediates\transforms\desugar\debug\12.jar --input C:\Users\Lenovo\AndroidStudioProjects\newproject\app\build\intermediates\transforms\stackFramesFixer\debug\8.jar --output C:\Users\Lenovo\AndroidStudioProjects\newproject\app\build\intermediates\transforms\desugar\debug\9.jar --classpath_entry C:\Users\Lenovo\AndroidStudioProjects\newproject\app\build\intermediates\classes\debug --classpath_entry C:\Users\Lenovo\AndroidStudioProjects\newproject\app\build\intermediates\transforms\stackFramesFixer\debug\0.jar --classpath_entry C:\Users\Lenovo\AndroidStudioProjects\newproject\app\build\intermediates\transforms\stackFramesFixer\debug\1.jar --classpath_entry C:\Users\Lenovo\AndroidStudioProjects\newproject\app\build\intermediates\transforms\stackFramesFixer\debug\2.jar --classpath_entry C:\Users\Lenovo\AndroidStudioProjects\newproject\app\build\intermediates\transforms\stackFramesFixer\debug\3.jar --classpath_entry C:\Users\Lenovo\AndroidStudioProjects\newproject\app\build\intermediates\transforms\stackFramesFixer\debug\4.jar --classpath_entry C:\Users\Lenovo\AndroidStudioProjects\newproject\app\build\intermediates\transforms\stackFramesFixer\debug\5.jar --classpath_entry C:\Users\Lenovo\AndroidStudioProjects\newproject\app\build\intermediates\transforms
java_class_path (initial): C:\Users\Lenovo\AppData\Local\Temp\desugar_deploy.jar821605468817640050
Launcher Type: SUN_STANDARD

Environment Variables:
JAVA_HOME=C:\Program Files\Java\jdk1.8.0_45
USERNAME=Lenovo
OS=Windows_NT
PROCESSOR_IDENTIFIER=Intel64 Family 6 Model 69 Stepping 1, GenuineIntel



---------------  S Y S T E M  ---------------

OS: Windows 10.0 , 64 bit Build 16299 (10.0.16299.15)

CPU:total 4 (2 cores per cpu, 2 threads per core) family 6 model 69 stepping 1, cmov, cx8, fxsr, mmx, sse, sse2, sse3, ssse3, sse4.1, sse4.2, popcnt, avx, avx2, aes, clmul, erms, lzcnt, ht, tsc, tscinvbit, bmi1, bmi2

Memory: 4k page, physical 6181144k(544304k free), swap 9457940k(1044k free)

vm_info: Java HotSpot(TM) 64-Bit Server VM (25.45-b02) for windows-amd64 JRE (1.8.0_45-b15), built on Apr 30 2015 12:40:44 by "java_re" with MS VC++ 10.0 (VS2010)

time: Sat Feb 03 13:33:17 2018
elapsed time: 1 seconds (0d 0h 0m 1s)

