#
# There is insufficient memory for the Java Runtime Environment to continue.
# Native memory allocation (malloc) failed to allocate 340416 bytes for Chunk::new
# Possible reasons:
#   The system is out of physical RAM or swap space
#   In 32 bit mode, the process size limit was hit
# Possible solutions:
#   Reduce memory load on the system
#   Increase physical memory or swap space
#   Check if swap backing store is full
#   Use 64 bit Java on a 64 bit OS
#   Decrease Java heap size (-Xmx/-Xms)
#   Decrease number of Java threads
#   Decrease Java thread stack sizes (-Xss)
#   Set larger code cache with -XX:ReservedCodeCacheSize=
# This output file may be truncated or incomplete.
#
#  Out of Memory Error (allocation.cpp:390), pid=13600, tid=7776
#
# JRE version: Java(TM) SE Runtime Environment (8.0_45-b15) (build 1.8.0_45-b15)
# Java VM: Java HotSpot(TM) 64-Bit Server VM (25.45-b02 mixed mode windows-amd64 compressed oops)
# Failed to write core dump. Minidumps are not enabled by default on client versions of Windows
#

---------------  T H R E A D  ---------------

Current thread (0x0000000014b23000):  JavaThread "C2 CompilerThread0" daemon [_thread_in_native, id=7776, stack(0x0000000016180000,0x0000000016280000)]

Stack: [0x0000000016180000,0x0000000016280000]
Native frames: (J=compiled Java code, j=interpreted, Vv=VM code, C=native code)
V  [jvm.dll+0x32b57a]


Current CompileTask:
C2:   1649  609       4       java.util.Date::normalize (110 bytes)


---------------  P R O C E S S  ---------------

Java Threads: ( => current thread )
  0x00000000164ae000 JavaThread "Service Thread" daemon [_thread_blocked, id=9076, stack(0x0000000016880000,0x0000000016980000)]
  0x0000000014b28800 JavaThread "C1 CompilerThread2" daemon [_thread_blocked, id=8788, stack(0x0000000016380000,0x0000000016480000)]
  0x0000000014b25800 JavaThread "C2 CompilerThread1" daemon [_thread_in_native, id=6192, stack(0x0000000016280000,0x0000000016380000)]
=>0x0000000014b23000 JavaThread "C2 CompilerThread0" daemon [_thread_in_native, id=7776, stack(0x0000000016180000,0x0000000016280000)]
  0x0000000014b21000 JavaThread "Attach Listener" daemon [_thread_blocked, id=12548, stack(0x0000000016080000,0x0000000016180000)]
  0x0000000014b20000 JavaThread "Signal Dispatcher" daemon [_thread_blocked, id=7320, stack(0x0000000015f80000,0x0000000016080000)]
  0x0000000004769800 JavaThread "Finalizer" daemon [_thread_blocked, id=13504, stack(0x0000000015d80000,0x0000000015e80000)]
  0x0000000004761000 JavaThread "Reference Handler" daemon [_thread_blocked, id=15064, stack(0x0000000015c80000,0x0000000015d80000)]
  0x0000000004673800 JavaThread "main" [_thread_in_Java, id=14536, stack(0x0000000004550000,0x0000000004650000)]

Other Threads:
  0x0000000014ae7800 VMThread [stack: 0x0000000015b80000,0x0000000015c80000] [id=11120]
  0x00000000164b0800 WatcherThread [stack: 0x0000000016980000,0x0000000016a80000] [id=10868]

VM state:not at safepoint (normal execution)

VM Mutex/Monitor currently owned by a thread: None

Heap:
 PSYoungGen      total 18944K, used 14911K [0x00000000feb00000, 0x0000000100000000, 0x0000000100000000)
  eden space 16384K, 91% used [0x00000000feb00000,0x00000000ff98fe70,0x00000000ffb00000)
  from space 2560K, 0% used [0x00000000ffd80000,0x00000000ffd80000,0x0000000100000000)
  to   space 2560K, 0% used [0x00000000ffb00000,0x00000000ffb00000,0x00000000ffd80000)
 ParOldGen       total 44032K, used 0K [0x00000000fc000000, 0x00000000feb00000, 0x00000000feb00000)
  object space 44032K, 0% used [0x00000000fc000000,0x00000000fc000000,0x00000000feb00000)
 Metaspace       used 6581K, capacity 6776K, committed 7040K, reserved 1056768K
  class space    used 788K, capacity 854K, committed 896K, reserved 1048576K

Card table byte_map: [0x0000000002d00000,0x0000000002d30000] byte_map_base: 0x0000000002520000

Marking Bits: (ParMarkBitMap*) 0x0000000061654040
 Begin Bits: [0x0000000013f80000, 0x0000000014080000)
 End Bits:   [0x0000000014080000, 0x0000000014180000)

Polling page: 0x0000000002cd0000

CodeCache: size=245760Kb used=2408Kb max_used=2424Kb free=243351Kb
 bounds [0x00000000047c0000, 0x0000000004a30000, 0x00000000137c0000]
 total_blobs=933 nmethods=609 adapters=237
 compilation: enabled

Compilation events (10 events):
Event: 1.595 Thread 0x0000000014b25800 nmethod 603 0x00000000049c7310 code [0x00000000049c7440, 0x00000000049c74d8]
Event: 1.596 Thread 0x0000000014b25800  605       4       sun.util.calendar.Gregorian$Date::setNormalizedYear (7 bytes)
Event: 1.597 Thread 0x0000000014b25800 nmethod 605 0x0000000004a14f50 code [0x0000000004a15080, 0x0000000004a150f8]
Event: 1.605 Thread 0x0000000014b23000 nmethod 604 0x0000000004a12510 code [0x0000000004a12660, 0x0000000004a12a98]
Event: 1.614 Thread 0x0000000014b25800  606       4       java.lang.String::endsWith (17 bytes)
Event: 1.615 Thread 0x0000000014b23000  607       4       java.lang.String::startsWith (72 bytes)
Event: 1.616 Thread 0x0000000014b25800 nmethod 606 0x0000000004a120d0 code [0x0000000004a12220, 0x0000000004a123d8]
Event: 1.618 Thread 0x0000000014b23000 nmethod 607 0x0000000004a11c90 code [0x0000000004a11de0, 0x0000000004a11f98]
Event: 1.620 Thread 0x0000000014b25800  608       4       java.util.zip.ZipUtils::dosToJavaTime (71 bytes)
Event: 1.620 Thread 0x0000000014b23000  609       4       java.util.Date::normalize (110 bytes)

GC Heap History (0 events):
No events

Deoptimization events (2 events):
Event: 0.545 Thread 0x0000000004673800 Uncommon trap: reason=range_check action=make_not_entrant pc=0x000000000494a7a0 method=sun.reflect.generics.parser.SignatureParser.current()C @ 34
Event: 1.520 Thread 0x0000000004673800 Uncommon trap: reason=unstable_if action=reinterpret pc=0x000000000495a2a8 method=java.lang.String.startsWith(Ljava/lang/String;I)Z @ 25

Internal exceptions (10 events):
Event: 0.661 Thread 0x0000000004673800 Exception <a 'sun/nio/fs/WindowsException'> (0x00000000ff331a30) thrown at [C:\re\workspace\8-2-build-windows-amd64-cygwin\jdk8u45\3627\hotspot\src\share\vm\prims\jni.cpp, line 709]
Event: 0.661 Thread 0x0000000004673800 Exception <a 'sun/nio/fs/WindowsException'> (0x00000000ff332070) thrown at [C:\re\workspace\8-2-build-windows-amd64-cygwin\jdk8u45\3627\hotspot\src\share\vm\prims\jni.cpp, line 709]
Event: 0.661 Thread 0x0000000004673800 Exception <a 'sun/nio/fs/WindowsException'> (0x00000000ff332778) thrown at [C:\re\workspace\8-2-build-windows-amd64-cygwin\jdk8u45\3627\hotspot\src\share\vm\prims\jni.cpp, line 709]
Event: 0.661 Thread 0x0000000004673800 Exception <a 'sun/nio/fs/WindowsException'> (0x00000000ff332d70) thrown at [C:\re\workspace\8-2-build-windows-amd64-cygwin\jdk8u45\3627\hotspot\src\share\vm\prims\jni.cpp, line 709]
Event: 0.661 Thread 0x0000000004673800 Exception <a 'sun/nio/fs/WindowsException'> (0x00000000ff333448) thrown at [C:\re\workspace\8-2-build-windows-amd64-cygwin\jdk8u45\3627\hotspot\src\share\vm\prims\jni.cpp, line 709]
Event: 0.661 Thread 0x0000000004673800 Exception <a 'sun/nio/fs/WindowsException'> (0x00000000ff3339e8) thrown at [C:\re\workspace\8-2-build-windows-amd64-cygwin\jdk8u45\3627\hotspot\src\share\vm\prims\jni.cpp, line 709]
Event: 0.662 Thread 0x0000000004673800 Exception <a 'sun/nio/fs/WindowsException'> (0x00000000ff3340b0) thrown at [C:\re\workspace\8-2-build-windows-amd64-cygwin\jdk8u45\3627\hotspot\src\share\vm\prims\jni.cpp, line 709]
Event: 0.662 Thread 0x0000000004673800 Exception <a 'sun/nio/fs/WindowsException'> (0x00000000ff334608) thrown at [C:\re\workspace\8-2-build-windows-amd64-cygwin\jdk8u45\3627\hotspot\src\share\vm\prims\jni.cpp, line 709]
Event: 0.662 Thread 0x0000000004673800 Exception <a 'sun/nio/fs/WindowsException'> (0x00000000ff334cc0) thrown at [C:\re\workspace\8-2-build-windows-amd64-cygwin\jdk8u45\3627\hotspot\src\share\vm\prims\jni.cpp, line 709]
Event: 0.955 Thread 0x0000000004673800 Exception <a 'sun/nio/fs/WindowsException'> (0x00000000ff362770) thrown at [C:\re\workspace\8-2-build-windows-amd64-cygwin\jdk8u45\3627\hotspot\src\share\vm\prims\jni.cpp, line 709]

Events (10 events):
Event: 1.518 loading class com/google/common/base/Functions done
Event: 1.518 loading class com/google/common/base/Functions$ToStringFunction
Event: 1.518 loading class com/google/common/base/Functions$ToStringFunction done
Event: 1.519 loading class com/google/common/collect/Iterators$7
Event: 1.519 loading class com/google/common/collect/Iterators$7 done
Event: 1.519 loading class com/google/common/collect/TransformedIterator
Event: 1.519 loading class com/google/common/collect/TransformedIterator done
Event: 1.520 Thread 0x0000000004673800 Uncommon trap: trap_request=0xffffff65 fr.pc=0x000000000495a2a8
Event: 1.520 Thread 0x0000000004673800 DEOPT PACKING pc=0x000000000495a2a8 sp=0x000000000464f5b0
Event: 1.520 Thread 0x0000000004673800 DEOPT UNPACKING pc=0x000000000480582a sp=0x000000000464f528 mode 2


Dynamic libraries:
0x00007ff6b6ac0000 - 0x00007ff6b6af7000 	C:\Program Files\Java\jdk1.8.0_45\bin\java.exe
0x00007ffb80ce0000 - 0x00007ffb80ec0000 	C:\WINDOWS\SYSTEM32\ntdll.dll
0x00007ffb7ed20000 - 0x00007ffb7edce000 	C:\WINDOWS\System32\KERNEL32.DLL
0x00007ffb7da70000 - 0x00007ffb7dcd6000 	C:\WINDOWS\System32\KERNELBASE.dll
0x00007ffb7eab0000 - 0x00007ffb7eb51000 	C:\WINDOWS\System32\ADVAPI32.dll
0x00007ffb7ec80000 - 0x00007ffb7ed1d000 	C:\WINDOWS\System32\msvcrt.dll
0x00007ffb7e1b0000 - 0x00007ffb7e20b000 	C:\WINDOWS\System32\sechost.dll
0x00007ffb7eb60000 - 0x00007ffb7ec7f000 	C:\WINDOWS\System32\RPCRT4.dll
0x00007ffb7f100000 - 0x00007ffb7f28f000 	C:\WINDOWS\System32\USER32.dll
0x00007ffb7e0e0000 - 0x00007ffb7e100000 	C:\WINDOWS\System32\win32u.dll
0x00007ffb80c80000 - 0x00007ffb80ca8000 	C:\WINDOWS\System32\GDI32.dll
0x00007ffb7d8d0000 - 0x00007ffb7da63000 	C:\WINDOWS\System32\gdi32full.dll
0x00007ffb7d830000 - 0x00007ffb7d8cb000 	C:\WINDOWS\System32\msvcp_win.dll
0x00007ffb7de10000 - 0x00007ffb7df06000 	C:\WINDOWS\System32\ucrtbase.dll
0x00007ffb5a670000 - 0x00007ffb5a8d9000 	C:\WINDOWS\WinSxS\amd64_microsoft.windows.common-controls_6595b64144ccf1df_6.0.16299.192_none_15c8cdae9364c23b\COMCTL32.dll
0x00007ffb7f530000 - 0x00007ffb7f838000 	C:\WINDOWS\System32\combase.dll
0x00007ffb7dce0000 - 0x00007ffb7dd52000 	C:\WINDOWS\System32\bcryptPrimitives.dll
0x00007ffb7efe0000 - 0x00007ffb7f00d000 	C:\WINDOWS\System32\IMM32.DLL
0x00000000616e0000 - 0x00000000617b2000 	C:\Program Files\Java\jdk1.8.0_45\jre\bin\msvcr100.dll
0x0000000060e50000 - 0x00000000616d3000 	C:\Program Files\Java\jdk1.8.0_45\jre\bin\server\jvm.dll
0x00007ffb7efd0000 - 0x00007ffb7efd8000 	C:\WINDOWS\System32\PSAPI.DLL
0x00007ffb6e340000 - 0x00007ffb6e34a000 	C:\WINDOWS\SYSTEM32\VERSION.dll
0x00007ffb76ba0000 - 0x00007ffb76bc3000 	C:\WINDOWS\SYSTEM32\WINMM.dll
0x00007ffb58e20000 - 0x00007ffb58e29000 	C:\WINDOWS\SYSTEM32\WSOCK32.dll
0x00007ffb7f2a0000 - 0x00007ffb7f30c000 	C:\WINDOWS\System32\WS2_32.dll
0x00007ffb76b70000 - 0x00007ffb76b9a000 	C:\WINDOWS\SYSTEM32\WINMMBASE.dll
0x00007ffb7e100000 - 0x00007ffb7e14a000 	C:\WINDOWS\System32\cfgmgr32.dll
0x00000000643a0000 - 0x00000000643af000 	C:\Program Files\Java\jdk1.8.0_45\jre\bin\verify.dll
0x0000000064370000 - 0x0000000064399000 	C:\Program Files\Java\jdk1.8.0_45\jre\bin\java.dll
0x0000000064350000 - 0x0000000064366000 	C:\Program Files\Java\jdk1.8.0_45\jre\bin\zip.dll
0x00007ffb7f840000 - 0x00007ffb80c76000 	C:\WINDOWS\System32\SHELL32.dll
0x00007ffb7e700000 - 0x00007ffb7e7a6000 	C:\WINDOWS\System32\shcore.dll
0x00007ffb7d0e0000 - 0x00007ffb7d827000 	C:\WINDOWS\System32\windows.storage.dll
0x00007ffb7f010000 - 0x00007ffb7f061000 	C:\WINDOWS\System32\shlwapi.dll
0x00007ffb7d080000 - 0x00007ffb7d091000 	C:\WINDOWS\System32\kernel.appcore.dll
0x00007ffb7d030000 - 0x00007ffb7d07c000 	C:\WINDOWS\System32\powrprof.dll
0x00007ffb7d0a0000 - 0x00007ffb7d0bb000 	C:\WINDOWS\System32\profapi.dll
0x00007ffb7ca80000 - 0x00007ffb7ca97000 	C:\WINDOWS\SYSTEM32\CRYPTSP.dll
0x00007ffb7c4d0000 - 0x00007ffb7c503000 	C:\WINDOWS\system32\rsaenh.dll
0x00007ffb7cb90000 - 0x00007ffb7cbb5000 	C:\WINDOWS\SYSTEM32\bcrypt.dll
0x00007ffb7cf60000 - 0x00007ffb7cf89000 	C:\WINDOWS\SYSTEM32\USERENV.dll
0x00007ffb7caa0000 - 0x00007ffb7caab000 	C:\WINDOWS\SYSTEM32\CRYPTBASE.dll
0x0000000064330000 - 0x000000006434a000 	C:\Program Files\Java\jdk1.8.0_45\jre\bin\net.dll
0x00007ffb7c8c0000 - 0x00007ffb7c926000 	C:\WINDOWS\system32\mswsock.dll
0x00007ffb7c650000 - 0x00007ffb7c689000 	C:\WINDOWS\SYSTEM32\IPHLPAPI.DLL
0x00007ffb7f070000 - 0x00007ffb7f078000 	C:\WINDOWS\System32\NSI.dll
0x00007ffb73e30000 - 0x00007ffb73e46000 	C:\WINDOWS\SYSTEM32\dhcpcsvc6.DLL
0x00007ffb74a60000 - 0x00007ffb74a7a000 	C:\WINDOWS\SYSTEM32\dhcpcsvc.DLL
0x0000000064310000 - 0x0000000064321000 	C:\Program Files\Java\jdk1.8.0_45\jre\bin\nio.dll

VM Arguments:
jvm_args: -Djava.awt.headless=true -Xmx64M -Dfile.encoding=windows-1252 -Duser.country=US -Duser.language=en -Duser.variant 
java_command: com.google.devtools.build.android.desugar.Desugar --input C:\Users\Lenovo\AndroidStudioProjects\newproject\app\build\intermediates\transforms\stackFramesFixer\debug\5.jar --output C:\Users\Lenovo\AndroidStudioProjects\newproject\app\build\intermediates\transforms\desugar\debug\6.jar --input C:\Users\Lenovo\AndroidStudioProjects\newproject\app\build\intermediates\transforms\stackFramesFixer\debug\6.jar --output C:\Users\Lenovo\AndroidStudioProjects\newproject\app\build\intermediates\transforms\desugar\debug\7.jar --input C:\Users\Lenovo\AndroidStudioProjects\newproject\app\build\intermediates\transforms\stackFramesFixer\debug\4.jar --output C:\Users\Lenovo\AndroidStudioProjects\newproject\app\build\intermediates\transforms\desugar\debug\5.jar --input C:\Users\Lenovo\AndroidStudioProjects\newproject\app\build\intermediates\transforms\stackFramesFixer\debug\11.jar --output C:\Users\Lenovo\AndroidStudioProjects\newproject\app\build\intermediates\transforms\desugar\debug\12.jar --input C:\Users\Lenovo\AndroidStudioProjects\newproject\app\build\intermediates\transforms\stackFramesFixer\debug\1.jar --output C:\Users\Lenovo\AndroidStudioProjects\newproject\app\build\intermediates\transforms\desugar\debug\2.jar --classpath_entry C:\Users\Lenovo\AndroidStudioProjects\newproject\app\build\intermediates\classes\debug --classpath_entry C:\Users\Lenovo\AndroidStudioProjects\newproject\app\build\intermediates\transforms\stackFramesFixer\debug\0.jar --classpath_entry C:\Users\Lenovo\AndroidStudioProjects\newproject\app\build\intermediates\transforms\stackFramesFixer\debug\1.jar --classpath_entry C:\Users\Lenovo\AndroidStudioProjects\newproject\app\build\intermediates\transforms\stackFramesFixer\debug\2.jar --classpath_entry C:\Users\Lenovo\AndroidStudioProjects\newproject\app\build\intermediates\transforms\stackFramesFixer\debug\3.jar --classpath_entry C:\Users\Lenovo\AndroidStudioProjects\newproject\app\build\intermediates\transforms\stackFramesFixer\debug\4.jar --
java_class_path (initial): C:\Users\Lenovo\AppData\Local\Temp\desugar_deploy.jar7865165556998102194
Launcher Type: SUN_STANDARD

Environment Variables:
JAVA_HOME=C:\Program Files\Java\jdk1.8.0_45
USERNAME=Lenovo
OS=Windows_NT
PROCESSOR_IDENTIFIER=Intel64 Family 6 Model 69 Stepping 1, GenuineIntel



---------------  S Y S T E M  ---------------

OS: Windows 10.0 , 64 bit Build 16299 (10.0.16299.15)

CPU:total 4 (2 cores per cpu, 2 threads per core) family 6 model 69 stepping 1, cmov, cx8, fxsr, mmx, sse, sse2, sse3, ssse3, sse4.1, sse4.2, popcnt, avx, avx2, aes, clmul, erms, lzcnt, ht, tsc, tscinvbit, bmi1, bmi2

Memory: 4k page, physical 6181144k(691204k free), swap 9457940k(4696k free)

vm_info: Java HotSpot(TM) 64-Bit Server VM (25.45-b02) for windows-amd64 JRE (1.8.0_45-b15), built on Apr 30 2015 12:40:44 by "java_re" with MS VC++ 10.0 (VS2010)

time: Sun Feb 11 09:49:31 2018
elapsed time: 1 seconds (0d 0h 0m 1s)

