#
# There is insufficient memory for the Java Runtime Environment to continue.
# Native memory allocation (malloc) failed to allocate 1048576 bytes for AllocateHeap
# Possible reasons:
#   The system is out of physical RAM or swap space
#   In 32 bit mode, the process size limit was hit
# Possible solutions:
#   Reduce memory load on the system
#   Increase physical memory or swap space
#   Check if swap backing store is full
#   Use 64 bit Java on a 64 bit OS
#   Decrease Java heap size (-Xmx/-Xms)
#   Decrease number of Java threads
#   Decrease Java thread stack sizes (-Xss)
#   Set larger code cache with -XX:ReservedCodeCacheSize=
# This output file may be truncated or incomplete.
#
#  Out of Memory Error (memory/allocation.inline.hpp:61), pid=10588, tid=14680
#
# JRE version:  (8.0_45-b15) (build )
# Java VM: Java HotSpot(TM) 64-Bit Server VM (25.45-b02 mixed mode windows-amd64 compressed oops)
# Failed to write core dump. Minidumps are not enabled by default on client versions of Windows
#

---------------  T H R E A D  ---------------

Current thread (0x0000000004fd3800):  JavaThread "Unknown thread" [_thread_in_vm, id=14680, stack(0x00000000036c0000,0x00000000037c0000)]

Stack: [0x00000000036c0000,0x00000000037c0000]
Native frames: (J=compiled Java code, j=interpreted, Vv=VM code, C=native code)
V  [jvm.dll+0x32b57a]
V  [jvm.dll+0x279873]
V  [jvm.dll+0x27a509]
V  [jvm.dll+0x271825]
V  [jvm.dll+0x1606]
V  [jvm.dll+0x270892]
V  [jvm.dll+0x3eee4a]
V  [jvm.dll+0x3ea7a7]
V  [jvm.dll+0xf2cf2]
V  [jvm.dll+0x20f0c9]
V  [jvm.dll+0x240e0a]
V  [jvm.dll+0x15ba41]
C  [java.exe+0x216e]
C  [java.exe+0xcce7]
C  [java.exe+0xcd7b]
C  [KERNEL32.DLL+0x11fe4]
C  [ntdll.dll+0x6efb1]


---------------  P R O C E S S  ---------------

Java Threads: ( => current thread )

Other Threads:

=>0x0000000004fd3800 (exited) JavaThread "Unknown thread" [_thread_in_vm, id=14680, stack(0x00000000036c0000,0x00000000037c0000)]

VM state:not at safepoint (normal execution)

VM Mutex/Monitor currently owned by a thread: None

Heap:
 PSYoungGen      total 18944K, used 327K [0x00000000feb00000, 0x0000000100000000, 0x0000000100000000)
  eden space 16384K, 2% used [0x00000000feb00000,0x00000000feb51ec8,0x00000000ffb00000)
  from space 2560K, 0% used [0x00000000ffd80000,0x00000000ffd80000,0x0000000100000000)
  to   space 2560K, 0% used [0x00000000ffb00000,0x00000000ffb00000,0x00000000ffd80000)
 ParOldGen       total 44032K, used 0K [0x00000000fc000000, 0x00000000feb00000, 0x00000000feb00000)
  object space 44032K, 0% used [0x00000000fc000000,0x00000000fc000000,0x00000000feb00000)
 Metaspace       used 766K, capacity 4480K, committed 4480K, reserved 1056768K
  class space    used 75K, capacity 384K, committed 384K, reserved 1048576K

Card table byte_map: [0x0000000003250000,0x0000000003280000] byte_map_base: 0x0000000002a70000

Marking Bits: (ParMarkBitMap*) 0x0000000061654040
 Begin Bits: [0x0000000014890000, 0x0000000014990000)
 End Bits:   [0x0000000014990000, 0x0000000014a90000)

Polling page: 0x0000000003220000

CodeCache: size=245760Kb used=328Kb max_used=328Kb free=245431Kb
 bounds [0x00000000050d0000, 0x0000000005340000, 0x00000000140d0000]
 total_blobs=57 nmethods=0 adapters=37
 compilation: enabled

Compilation events (0 events):
No events

GC Heap History (0 events):
No events

Deoptimization events (0 events):
No events

Internal exceptions (0 events):
No events

Events (10 events):
Event: 0.034 loading class java/lang/Short
Event: 0.034 loading class java/lang/Short done
Event: 0.034 loading class java/lang/Integer
Event: 0.034 loading class java/lang/Integer done
Event: 0.034 loading class java/lang/Long
Event: 0.034 loading class java/lang/Long done
Event: 0.035 loading class java/lang/NullPointerException
Event: 0.035 loading class java/lang/NullPointerException done
Event: 0.035 loading class java/lang/ArithmeticException
Event: 0.035 loading class java/lang/ArithmeticException done


Dynamic libraries:
0x00007ff6b6ac0000 - 0x00007ff6b6af7000 	C:\Program Files\Java\jdk1.8.0_45\bin\java.exe
0x00007ffb80ce0000 - 0x00007ffb80ec0000 	C:\WINDOWS\SYSTEM32\ntdll.dll
0x00007ffb7ed20000 - 0x00007ffb7edce000 	C:\WINDOWS\System32\KERNEL32.DLL
0x00007ffb7da70000 - 0x00007ffb7dcd6000 	C:\WINDOWS\System32\KERNELBASE.dll
0x00007ffb7eab0000 - 0x00007ffb7eb51000 	C:\WINDOWS\System32\ADVAPI32.dll
0x00007ffb7ec80000 - 0x00007ffb7ed1d000 	C:\WINDOWS\System32\msvcrt.dll
0x00007ffb7e1b0000 - 0x00007ffb7e20b000 	C:\WINDOWS\System32\sechost.dll
0x00007ffb7eb60000 - 0x00007ffb7ec7f000 	C:\WINDOWS\System32\RPCRT4.dll
0x00007ffb7f100000 - 0x00007ffb7f28f000 	C:\WINDOWS\System32\USER32.dll
0x00007ffb7e0e0000 - 0x00007ffb7e100000 	C:\WINDOWS\System32\win32u.dll
0x00007ffb80c80000 - 0x00007ffb80ca8000 	C:\WINDOWS\System32\GDI32.dll
0x00007ffb7d8d0000 - 0x00007ffb7da63000 	C:\WINDOWS\System32\gdi32full.dll
0x00007ffb7d830000 - 0x00007ffb7d8cb000 	C:\WINDOWS\System32\msvcp_win.dll
0x00007ffb7de10000 - 0x00007ffb7df06000 	C:\WINDOWS\System32\ucrtbase.dll
0x00007ffb5a670000 - 0x00007ffb5a8d9000 	C:\WINDOWS\WinSxS\amd64_microsoft.windows.common-controls_6595b64144ccf1df_6.0.16299.192_none_15c8cdae9364c23b\COMCTL32.dll
0x00007ffb7f530000 - 0x00007ffb7f838000 	C:\WINDOWS\System32\combase.dll
0x00007ffb7dce0000 - 0x00007ffb7dd52000 	C:\WINDOWS\System32\bcryptPrimitives.dll
0x00007ffb7efe0000 - 0x00007ffb7f00d000 	C:\WINDOWS\System32\IMM32.DLL
0x00000000616e0000 - 0x00000000617b2000 	C:\Program Files\Java\jdk1.8.0_45\jre\bin\msvcr100.dll
0x0000000060e50000 - 0x00000000616d3000 	C:\Program Files\Java\jdk1.8.0_45\jre\bin\server\jvm.dll
0x00007ffb7efd0000 - 0x00007ffb7efd8000 	C:\WINDOWS\System32\PSAPI.DLL
0x00007ffb58e20000 - 0x00007ffb58e29000 	C:\WINDOWS\SYSTEM32\WSOCK32.dll
0x00007ffb76ba0000 - 0x00007ffb76bc3000 	C:\WINDOWS\SYSTEM32\WINMM.dll
0x00007ffb7f2a0000 - 0x00007ffb7f30c000 	C:\WINDOWS\System32\WS2_32.dll
0x00007ffb6e340000 - 0x00007ffb6e34a000 	C:\WINDOWS\SYSTEM32\VERSION.dll
0x00007ffb76b70000 - 0x00007ffb76b9a000 	C:\WINDOWS\SYSTEM32\WINMMBASE.dll
0x00007ffb7e100000 - 0x00007ffb7e14a000 	C:\WINDOWS\System32\cfgmgr32.dll
0x00000000643a0000 - 0x00000000643af000 	C:\Program Files\Java\jdk1.8.0_45\jre\bin\verify.dll
0x0000000064370000 - 0x0000000064399000 	C:\Program Files\Java\jdk1.8.0_45\jre\bin\java.dll
0x0000000064350000 - 0x0000000064366000 	C:\Program Files\Java\jdk1.8.0_45\jre\bin\zip.dll
0x00007ffb6da70000 - 0x00007ffb6dc38000 	C:\WINDOWS\SYSTEM32\dbghelp.dll

VM Arguments:
jvm_args: -Djava.awt.headless=true -Xmx64M -Dfile.encoding=windows-1252 -Duser.country=US -Duser.language=en -Duser.variant 
java_command: com.google.devtools.build.android.desugar.Desugar --input C:\Users\Lenovo\AndroidStudioProjects\newproject\app\build\intermediates\classes\debug --output C:\Users\Lenovo\AndroidStudioProjects\newproject\app\build\intermediates\transforms\desugar\debug\0 --input C:\Users\Lenovo\AndroidStudioProjects\newproject\app\build\intermediates\transforms\stackFramesFixer\debug\17.jar --output C:\Users\Lenovo\AndroidStudioProjects\newproject\app\build\intermediates\transforms\desugar\debug\18.jar --input C:\Users\Lenovo\AndroidStudioProjects\newproject\app\build\intermediates\transforms\stackFramesFixer\debug\11.jar --output C:\Users\Lenovo\AndroidStudioProjects\newproject\app\build\intermediates\transforms\desugar\debug\12.jar --input C:\Users\Lenovo\AndroidStudioProjects\newproject\app\build\intermediates\transforms\stackFramesFixer\debug\8.jar --output C:\Users\Lenovo\AndroidStudioProjects\newproject\app\build\intermediates\transforms\desugar\debug\9.jar --input C:\Users\Lenovo\AndroidStudioProjects\newproject\app\build\intermediates\transforms\stackFramesFixer\debug\12.jar --output C:\Users\Lenovo\AndroidStudioProjects\newproject\app\build\intermediates\transforms\desugar\debug\13.jar --classpath_entry C:\Users\Lenovo\AndroidStudioProjects\newproject\app\build\intermediates\classes\debug --classpath_entry C:\Users\Lenovo\AndroidStudioProjects\newproject\app\build\intermediates\transforms\stackFramesFixer\debug\0.jar --classpath_entry C:\Users\Lenovo\AndroidStudioProjects\newproject\app\build\intermediates\transforms\stackFramesFixer\debug\1.jar --classpath_entry C:\Users\Lenovo\AndroidStudioProjects\newproject\app\build\intermediates\transforms\stackFramesFixer\debug\2.jar --classpath_entry C:\Users\Lenovo\AndroidStudioProjects\newproject\app\build\intermediates\transforms\stackFramesFixer\debug\3.jar --classpath_entry C:\Users\Lenovo\AndroidStudioProjects\newproject\app\build\intermediates\transforms\stackFramesFixer\debug\4.jar --classpath_entry C:\Users\L
java_class_path (initial): C:\Users\Lenovo\AppData\Local\Temp\desugar_deploy.jar1308182298146326177
Launcher Type: SUN_STANDARD

Environment Variables:
JAVA_HOME=C:\Program Files\Java\jdk1.8.0_45
USERNAME=Lenovo
OS=Windows_NT
PROCESSOR_IDENTIFIER=Intel64 Family 6 Model 69 Stepping 1, GenuineIntel



---------------  S Y S T E M  ---------------

OS: Windows 10.0 , 64 bit Build 16299 (10.0.16299.15)

CPU:total 4 (2 cores per cpu, 2 threads per core) family 6 model 69 stepping 1, cmov, cx8, fxsr, mmx, sse, sse2, sse3, ssse3, sse4.1, sse4.2, popcnt, avx, avx2, aes, clmul, erms, lzcnt, ht, tsc, tscinvbit, bmi1, bmi2

Memory: 4k page, physical 6181144k(811968k free), swap 9457940k(11436k free)

vm_info: Java HotSpot(TM) 64-Bit Server VM (25.45-b02) for windows-amd64 JRE (1.8.0_45-b15), built on Apr 30 2015 12:40:44 by "java_re" with MS VC++ 10.0 (VS2010)

time: Sun Feb 11 09:55:46 2018
elapsed time: 0 seconds (0d 0h 0m 0s)

