#
# There is insufficient memory for the Java Runtime Environment to continue.
# Native memory allocation (malloc) failed to allocate 332816 bytes for Chunk::new
# Possible reasons:
#   The system is out of physical RAM or swap space
#   In 32 bit mode, the process size limit was hit
# Possible solutions:
#   Reduce memory load on the system
#   Increase physical memory or swap space
#   Check if swap backing store is full
#   Use 64 bit Java on a 64 bit OS
#   Decrease Java heap size (-Xmx/-Xms)
#   Decrease number of Java threads
#   Decrease Java thread stack sizes (-Xss)
#   Set larger code cache with -XX:ReservedCodeCacheSize=
# This output file may be truncated or incomplete.
#
#  Out of Memory Error (allocation.cpp:390), pid=13784, tid=13736
#
# JRE version: Java(TM) SE Runtime Environment (8.0_45-b15) (build 1.8.0_45-b15)
# Java VM: Java HotSpot(TM) 64-Bit Server VM (25.45-b02 mixed mode windows-amd64 compressed oops)
# Failed to write core dump. Minidumps are not enabled by default on client versions of Windows
#

---------------  T H R E A D  ---------------

Current thread (0x0000000014f36000):  JavaThread "C2 CompilerThread1" daemon [_thread_in_native, id=13736, stack(0x0000000016690000,0x0000000016790000)]

Stack: [0x0000000016690000,0x0000000016790000]
Native frames: (J=compiled Java code, j=interpreted, Vv=VM code, C=native code)
V  [jvm.dll+0x32b57a]
V  [jvm.dll+0x279873]
V  [jvm.dll+0x27a509]
V  [jvm.dll+0x271825]
V  [jvm.dll+0xcb9e2]
V  [jvm.dll+0xcbeac]
V  [jvm.dll+0x476ef2]
V  [jvm.dll+0x4b955f]
V  [jvm.dll+0x46b6b5]
V  [jvm.dll+0x46ccbe]
V  [jvm.dll+0x4500f2]
V  [jvm.dll+0xa4352]
V  [jvm.dll+0xa4c8f]
V  [jvm.dll+0x241984]
V  [jvm.dll+0x29853a]
C  [msvcr100.dll+0x21d9f]
C  [msvcr100.dll+0x21e3b]
C  [KERNEL32.DLL+0x11fe4]
C  [ntdll.dll+0x6efb1]


Current CompileTask:
C2:   2073  620       4       java.util.Date::normalize (110 bytes)


---------------  P R O C E S S  ---------------

Java Threads: ( => current thread )
  0x00000000168c6000 JavaThread "Service Thread" daemon [_thread_blocked, id=13608, stack(0x0000000016c90000,0x0000000016d90000)]
  0x0000000014f3e000 JavaThread "C1 CompilerThread2" daemon [_thread_blocked, id=14112, stack(0x0000000016790000,0x0000000016890000)]
=>0x0000000014f36000 JavaThread "C2 CompilerThread1" daemon [_thread_in_native, id=13736, stack(0x0000000016690000,0x0000000016790000)]
  0x0000000014f34000 JavaThread "C2 CompilerThread0" daemon [_thread_in_native, id=656, stack(0x0000000016590000,0x0000000016690000)]
  0x0000000014f32000 JavaThread "Attach Listener" daemon [_thread_blocked, id=13424, stack(0x0000000016490000,0x0000000016590000)]
  0x0000000014f31000 JavaThread "Signal Dispatcher" daemon [_thread_blocked, id=988, stack(0x0000000016390000,0x0000000016490000)]
  0x0000000014ef8800 JavaThread "Finalizer" daemon [_thread_blocked, id=14128, stack(0x0000000016190000,0x0000000016290000)]
  0x0000000004bc4800 JavaThread "Reference Handler" daemon [_thread_blocked, id=14104, stack(0x0000000016090000,0x0000000016190000)]
  0x0000000004ad3800 JavaThread "main" [_thread_in_native, id=2516, stack(0x00000000049d0000,0x0000000004ad0000)]

Other Threads:
  0x0000000014ef7800 VMThread [stack: 0x0000000015f90000,0x0000000016090000] [id=13380]
  0x00000000168c6800 WatcherThread [stack: 0x0000000016d90000,0x0000000016e90000] [id=9628]

VM state:not at safepoint (normal execution)

VM Mutex/Monitor currently owned by a thread: None

Heap:
 PSYoungGen      total 18944K, used 16419K [0x00000000feb00000, 0x0000000100000000, 0x0000000100000000)
  eden space 16384K, 84% used [0x00000000feb00000,0x00000000ff88c450,0x00000000ffb00000)
  from space 2560K, 99% used [0x00000000ffb00000,0x00000000ffd7c860,0x00000000ffd80000)
  to   space 2560K, 0% used [0x00000000ffd80000,0x00000000ffd80000,0x0000000100000000)
 ParOldGen       total 44032K, used 578K [0x00000000fc000000, 0x00000000feb00000, 0x00000000feb00000)
  object space 44032K, 1% used [0x00000000fc000000,0x00000000fc090898,0x00000000feb00000)
 Metaspace       used 6830K, capacity 6978K, committed 7040K, reserved 1056768K
  class space    used 821K, capacity 859K, committed 896K, reserved 1048576K

Card table byte_map: [0x00000000031f0000,0x0000000003220000] byte_map_base: 0x0000000002a10000

Marking Bits: (ParMarkBitMap*) 0x0000000061654040
 Begin Bits: [0x0000000014390000, 0x0000000014490000)
 End Bits:   [0x0000000014490000, 0x0000000014590000)

Polling page: 0x00000000031c0000

CodeCache: size=245760Kb used=2547Kb max_used=2547Kb free=243212Kb
 bounds [0x0000000004bd0000, 0x0000000004e50000, 0x0000000013bd0000]
 total_blobs=1012 nmethods=688 adapters=237
 compilation: enabled

Compilation events (10 events):
Event: 1.717 Thread 0x0000000014f34000 nmethod 614 0x0000000004e1b610 code [0x0000000004e1b760, 0x0000000004e1b918]
Event: 1.719 Thread 0x0000000014f36000 nmethod 615 0x0000000004e25750 code [0x0000000004e258a0, 0x0000000004e25a58]
Event: 1.725 Thread 0x0000000014f34000  616       4       java.util.zip.ZipFile::getZipEntry (239 bytes)
Event: 1.726 Thread 0x0000000014f36000  617       4       java.util.zip.ZipEntry::<init> (43 bytes)
Event: 1.726 Thread 0x0000000014f36000 nmethod 617 0x0000000004de4710 code [0x0000000004de4840, 0x0000000004de48d8]
Event: 1.726 Thread 0x0000000014f36000  618       4       java.util.zip.ZipCoder::toString (190 bytes)
Event: 1.732 Thread 0x0000000014f36000 nmethod 618 0x0000000004e27710 code [0x0000000004e27880, 0x0000000004e27d68]
Event: 1.743 Thread 0x0000000014f36000  619       4       java.util.zip.ZipEntry::setExtra0 (350 bytes)
Event: 1.744 Thread 0x0000000014f36000 nmethod 619 0x0000000004e28350 code [0x0000000004e28480, 0x0000000004e284f8]
Event: 1.744 Thread 0x0000000014f36000  620       4       java.util.Date::normalize (110 bytes)

GC Heap History (0 events):
No events

Deoptimization events (2 events):
Event: 0.668 Thread 0x0000000004ad3800 Uncommon trap: reason=range_check action=make_not_entrant pc=0x0000000004d56ce0 method=sun.reflect.generics.parser.SignatureParser.current()C @ 34
Event: 1.661 Thread 0x0000000004ad3800 Uncommon trap: reason=unstable_if action=reinterpret pc=0x0000000004d5eb28 method=java.lang.String.startsWith(Ljava/lang/String;I)Z @ 25

Internal exceptions (10 events):
Event: 0.768 Thread 0x0000000004ad3800 Exception <a 'sun/nio/fs/WindowsException'> (0x00000000ff333920) thrown at [C:\re\workspace\8-2-build-windows-amd64-cygwin\jdk8u45\3627\hotspot\src\share\vm\prims\jni.cpp, line 709]
Event: 0.768 Thread 0x0000000004ad3800 Exception <a 'sun/nio/fs/WindowsException'> (0x00000000ff333f60) thrown at [C:\re\workspace\8-2-build-windows-amd64-cygwin\jdk8u45\3627\hotspot\src\share\vm\prims\jni.cpp, line 709]
Event: 0.768 Thread 0x0000000004ad3800 Exception <a 'sun/nio/fs/WindowsException'> (0x00000000ff334668) thrown at [C:\re\workspace\8-2-build-windows-amd64-cygwin\jdk8u45\3627\hotspot\src\share\vm\prims\jni.cpp, line 709]
Event: 0.768 Thread 0x0000000004ad3800 Exception <a 'sun/nio/fs/WindowsException'> (0x00000000ff334c60) thrown at [C:\re\workspace\8-2-build-windows-amd64-cygwin\jdk8u45\3627\hotspot\src\share\vm\prims\jni.cpp, line 709]
Event: 0.768 Thread 0x0000000004ad3800 Exception <a 'sun/nio/fs/WindowsException'> (0x00000000ff335338) thrown at [C:\re\workspace\8-2-build-windows-amd64-cygwin\jdk8u45\3627\hotspot\src\share\vm\prims\jni.cpp, line 709]
Event: 0.768 Thread 0x0000000004ad3800 Exception <a 'sun/nio/fs/WindowsException'> (0x00000000ff3358d8) thrown at [C:\re\workspace\8-2-build-windows-amd64-cygwin\jdk8u45\3627\hotspot\src\share\vm\prims\jni.cpp, line 709]
Event: 0.768 Thread 0x0000000004ad3800 Exception <a 'sun/nio/fs/WindowsException'> (0x00000000ff335fa0) thrown at [C:\re\workspace\8-2-build-windows-amd64-cygwin\jdk8u45\3627\hotspot\src\share\vm\prims\jni.cpp, line 709]
Event: 0.768 Thread 0x0000000004ad3800 Exception <a 'sun/nio/fs/WindowsException'> (0x00000000ff3364f8) thrown at [C:\re\workspace\8-2-build-windows-amd64-cygwin\jdk8u45\3627\hotspot\src\share\vm\prims\jni.cpp, line 709]
Event: 0.769 Thread 0x0000000004ad3800 Exception <a 'sun/nio/fs/WindowsException'> (0x00000000ff336bb0) thrown at [C:\re\workspace\8-2-build-windows-amd64-cygwin\jdk8u45\3627\hotspot\src\share\vm\prims\jni.cpp, line 709]
Event: 1.081 Thread 0x0000000004ad3800 Exception <a 'sun/nio/fs/WindowsException'> (0x00000000ff363ab0) thrown at [C:\re\workspace\8-2-build-windows-amd64-cygwin\jdk8u45\3627\hotspot\src\share\vm\prims\jni.cpp, line 709]

Events (10 events):
Event: 1.660 loading class com/google/common/base/Functions done
Event: 1.660 loading class com/google/common/base/Functions$ToStringFunction
Event: 1.660 loading class com/google/common/base/Functions$ToStringFunction done
Event: 1.660 loading class com/google/common/collect/Iterators$7
Event: 1.660 loading class com/google/common/collect/Iterators$7 done
Event: 1.660 loading class com/google/common/collect/TransformedIterator
Event: 1.660 loading class com/google/common/collect/TransformedIterator done
Event: 1.661 Thread 0x0000000004ad3800 Uncommon trap: trap_request=0xffffff65 fr.pc=0x0000000004d5eb28
Event: 1.661 Thread 0x0000000004ad3800 DEOPT PACKING pc=0x0000000004d5eb28 sp=0x0000000004acf0e0
Event: 1.661 Thread 0x0000000004ad3800 DEOPT UNPACKING pc=0x0000000004c1582a sp=0x0000000004acf058 mode 2


Dynamic libraries:
0x00007ff6b6ac0000 - 0x00007ff6b6af7000 	C:\Program Files\Java\jdk1.8.0_45\bin\java.exe
0x00007ffb80ce0000 - 0x00007ffb80ec0000 	C:\WINDOWS\SYSTEM32\ntdll.dll
0x00007ffb7ed20000 - 0x00007ffb7edce000 	C:\WINDOWS\System32\KERNEL32.DLL
0x00007ffb7da70000 - 0x00007ffb7dcd6000 	C:\WINDOWS\System32\KERNELBASE.dll
0x00007ffb7eab0000 - 0x00007ffb7eb51000 	C:\WINDOWS\System32\ADVAPI32.dll
0x00007ffb7ec80000 - 0x00007ffb7ed1d000 	C:\WINDOWS\System32\msvcrt.dll
0x00007ffb7e1b0000 - 0x00007ffb7e20b000 	C:\WINDOWS\System32\sechost.dll
0x00007ffb7eb60000 - 0x00007ffb7ec7f000 	C:\WINDOWS\System32\RPCRT4.dll
0x00007ffb7f100000 - 0x00007ffb7f28f000 	C:\WINDOWS\System32\USER32.dll
0x00007ffb7e0e0000 - 0x00007ffb7e100000 	C:\WINDOWS\System32\win32u.dll
0x00007ffb80c80000 - 0x00007ffb80ca8000 	C:\WINDOWS\System32\GDI32.dll
0x00007ffb7d8d0000 - 0x00007ffb7da63000 	C:\WINDOWS\System32\gdi32full.dll
0x00007ffb7d830000 - 0x00007ffb7d8cb000 	C:\WINDOWS\System32\msvcp_win.dll
0x00007ffb7de10000 - 0x00007ffb7df06000 	C:\WINDOWS\System32\ucrtbase.dll
0x00007ffb5a670000 - 0x00007ffb5a8d9000 	C:\WINDOWS\WinSxS\amd64_microsoft.windows.common-controls_6595b64144ccf1df_6.0.16299.192_none_15c8cdae9364c23b\COMCTL32.dll
0x00007ffb7f530000 - 0x00007ffb7f838000 	C:\WINDOWS\System32\combase.dll
0x00007ffb7dce0000 - 0x00007ffb7dd52000 	C:\WINDOWS\System32\bcryptPrimitives.dll
0x00007ffb7efe0000 - 0x00007ffb7f00d000 	C:\WINDOWS\System32\IMM32.DLL
0x00000000616e0000 - 0x00000000617b2000 	C:\Program Files\Java\jdk1.8.0_45\jre\bin\msvcr100.dll
0x0000000060e50000 - 0x00000000616d3000 	C:\Program Files\Java\jdk1.8.0_45\jre\bin\server\jvm.dll
0x00007ffb7efd0000 - 0x00007ffb7efd8000 	C:\WINDOWS\System32\PSAPI.DLL
0x00007ffb58e20000 - 0x00007ffb58e29000 	C:\WINDOWS\SYSTEM32\WSOCK32.dll
0x00007ffb76ba0000 - 0x00007ffb76bc3000 	C:\WINDOWS\SYSTEM32\WINMM.dll
0x00007ffb6e340000 - 0x00007ffb6e34a000 	C:\WINDOWS\SYSTEM32\VERSION.dll
0x00007ffb7f2a0000 - 0x00007ffb7f30c000 	C:\WINDOWS\System32\WS2_32.dll
0x00007ffb76b70000 - 0x00007ffb76b9a000 	C:\WINDOWS\SYSTEM32\WINMMBASE.dll
0x00007ffb7e100000 - 0x00007ffb7e14a000 	C:\WINDOWS\System32\cfgmgr32.dll
0x00000000643a0000 - 0x00000000643af000 	C:\Program Files\Java\jdk1.8.0_45\jre\bin\verify.dll
0x0000000064370000 - 0x0000000064399000 	C:\Program Files\Java\jdk1.8.0_45\jre\bin\java.dll
0x0000000064350000 - 0x0000000064366000 	C:\Program Files\Java\jdk1.8.0_45\jre\bin\zip.dll
0x00007ffb7f840000 - 0x00007ffb80c76000 	C:\WINDOWS\System32\SHELL32.dll
0x00007ffb7e700000 - 0x00007ffb7e7a6000 	C:\WINDOWS\System32\shcore.dll
0x00007ffb7d0e0000 - 0x00007ffb7d827000 	C:\WINDOWS\System32\windows.storage.dll
0x00007ffb7f010000 - 0x00007ffb7f061000 	C:\WINDOWS\System32\shlwapi.dll
0x00007ffb7d080000 - 0x00007ffb7d091000 	C:\WINDOWS\System32\kernel.appcore.dll
0x00007ffb7d030000 - 0x00007ffb7d07c000 	C:\WINDOWS\System32\powrprof.dll
0x00007ffb7d0a0000 - 0x00007ffb7d0bb000 	C:\WINDOWS\System32\profapi.dll
0x00007ffb7ca80000 - 0x00007ffb7ca97000 	C:\WINDOWS\SYSTEM32\CRYPTSP.dll
0x00007ffb7c4d0000 - 0x00007ffb7c503000 	C:\WINDOWS\system32\rsaenh.dll
0x00007ffb7cb90000 - 0x00007ffb7cbb5000 	C:\WINDOWS\SYSTEM32\bcrypt.dll
0x00007ffb7cf60000 - 0x00007ffb7cf89000 	C:\WINDOWS\SYSTEM32\USERENV.dll
0x00007ffb7caa0000 - 0x00007ffb7caab000 	C:\WINDOWS\SYSTEM32\CRYPTBASE.dll
0x0000000064330000 - 0x000000006434a000 	C:\Program Files\Java\jdk1.8.0_45\jre\bin\net.dll
0x00007ffb7c8c0000 - 0x00007ffb7c926000 	C:\WINDOWS\system32\mswsock.dll
0x00007ffb7c650000 - 0x00007ffb7c689000 	C:\WINDOWS\SYSTEM32\IPHLPAPI.DLL
0x00007ffb7f070000 - 0x00007ffb7f078000 	C:\WINDOWS\System32\NSI.dll
0x00007ffb73e30000 - 0x00007ffb73e46000 	C:\WINDOWS\SYSTEM32\dhcpcsvc6.DLL
0x00007ffb74a60000 - 0x00007ffb74a7a000 	C:\WINDOWS\SYSTEM32\dhcpcsvc.DLL
0x0000000064310000 - 0x0000000064321000 	C:\Program Files\Java\jdk1.8.0_45\jre\bin\nio.dll
0x00007ffb6da70000 - 0x00007ffb6dc38000 	C:\WINDOWS\SYSTEM32\dbghelp.dll

VM Arguments:
jvm_args: -Djava.awt.headless=true -Xmx64M -Dfile.encoding=windows-1252 -Duser.country=US -Duser.language=en -Duser.variant 
java_command: com.google.devtools.build.android.desugar.Desugar --input C:\Users\Lenovo\AndroidStudioProjects\newproject\app\build\intermediates\transforms\stackFramesFixer\debug\15.jar --output C:\Users\Lenovo\AndroidStudioProjects\newproject\app\build\intermediates\transforms\desugar\debug\16.jar --input C:\Users\Lenovo\AndroidStudioProjects\newproject\app\build\intermediates\transforms\stackFramesFixer\debug\7.jar --output C:\Users\Lenovo\AndroidStudioProjects\newproject\app\build\intermediates\transforms\desugar\debug\8.jar --input C:\Users\Lenovo\AndroidStudioProjects\newproject\app\build\intermediates\transforms\stackFramesFixer\debug\8.jar --output C:\Users\Lenovo\AndroidStudioProjects\newproject\app\build\intermediates\transforms\desugar\debug\9.jar --input C:\Users\Lenovo\AndroidStudioProjects\newproject\app\build\intermediates\transforms\stackFramesFixer\debug\2.jar --output C:\Users\Lenovo\AndroidStudioProjects\newproject\app\build\intermediates\transforms\desugar\debug\3.jar --classpath_entry C:\Users\Lenovo\AndroidStudioProjects\newproject\app\build\intermediates\classes\debug --classpath_entry C:\Users\Lenovo\AndroidStudioProjects\newproject\app\build\intermediates\transforms\stackFramesFixer\debug\0.jar --classpath_entry C:\Users\Lenovo\AndroidStudioProjects\newproject\app\build\intermediates\transforms\stackFramesFixer\debug\1.jar --classpath_entry C:\Users\Lenovo\AndroidStudioProjects\newproject\app\build\intermediates\transforms\stackFramesFixer\debug\2.jar --classpath_entry C:\Users\Lenovo\AndroidStudioProjects\newproject\app\build\intermediates\transforms\stackFramesFixer\debug\3.jar --classpath_entry C:\Users\Lenovo\AndroidStudioProjects\newproject\app\build\intermediates\transforms\stackFramesFixer\debug\4.jar --classpath_entry C:\Users\Lenovo\AndroidStudioProjects\newproject\app\build\intermediates\transforms\stackFramesFixer\debug\5.jar --classpath_entry C:\Users\Lenovo\AndroidStudioProjects\newproject\app\build\intermediates\transforms\sta
java_class_path (initial): C:\Users\Lenovo\AppData\Local\Temp\desugar_deploy.jar7865165556998102194
Launcher Type: SUN_STANDARD

Environment Variables:
JAVA_HOME=C:\Program Files\Java\jdk1.8.0_45
USERNAME=Lenovo
OS=Windows_NT
PROCESSOR_IDENTIFIER=Intel64 Family 6 Model 69 Stepping 1, GenuineIntel



---------------  S Y S T E M  ---------------

OS: Windows 10.0 , 64 bit Build 16299 (10.0.16299.15)

CPU:total 4 (2 cores per cpu, 2 threads per core) family 6 model 69 stepping 1, cmov, cx8, fxsr, mmx, sse, sse2, sse3, ssse3, sse4.1, sse4.2, popcnt, avx, avx2, aes, clmul, erms, lzcnt, ht, tsc, tscinvbit, bmi1, bmi2

Memory: 4k page, physical 6181144k(707172k free), swap 9457940k(118308k free)

vm_info: Java HotSpot(TM) 64-Bit Server VM (25.45-b02) for windows-amd64 JRE (1.8.0_45-b15), built on Apr 30 2015 12:40:44 by "java_re" with MS VC++ 10.0 (VS2010)

time: Sun Feb 11 09:49:31 2018
elapsed time: 2 seconds (0d 0h 0m 2s)

